{"/Users/dean/Desktop/work/ecom/drizzle.config.ts": {"path":"/Users/dean/Desktop/work/ecom/drizzle.config.ts","all":true,"statementMap":{"0":{"start":{"line":1,"column":0},"end":{"line":1,"column":23}},"1":{"start":{"line":2,"column":0},"end":{"line":2,"column":43}},"2":{"start":{"line":3,"column":0},"end":{"line":3,"column":46}},"4":{"start":{"line":5,"column":0},"end":{"line":5,"column":29}},"5":{"start":{"line":6,"column":0},"end":{"line":6,"column":19}},"6":{"start":{"line":7,"column":0},"end":{"line":7,"column":31}},"7":{"start":{"line":8,"column":0},"end":{"line":8,"column":24}},"8":{"start":{"line":9,"column":0},"end":{"line":9,"column":40}},"9":{"start":{"line":10,"column":0},"end":{"line":10,"column":3}}},"s":{"0":0,"1":0,"2":0,"4":0,"5":0,"6":0,"7":0,"8":0,"9":0},"branchMap":{"0":{"type":"branch","line":1,"loc":{"start":{"line":1,"column":267},"end":{"line":10,"column":3}},"locations":[{"start":{"line":1,"column":267},"end":{"line":10,"column":3}}]}},"b":{"0":[0]},"fnMap":{"0":{"name":"(empty-report)","decl":{"start":{"line":1,"column":267},"end":{"line":10,"column":3}},"loc":{"start":{"line":1,"column":267},"end":{"line":10,"column":3}},"line":1}},"f":{"0":0}}
,"/Users/dean/Desktop/work/ecom/src/index.ts": {"path":"/Users/dean/Desktop/work/ecom/src/index.ts","all":true,"statementMap":{"0":{"start":{"line":1,"column":0},"end":{"line":1,"column":23}},"1":{"start":{"line":2,"column":0},"end":{"line":2,"column":30}},"2":{"start":{"line":3,"column":0},"end":{"line":3,"column":24}},"3":{"start":{"line":4,"column":0},"end":{"line":4,"column":32}},"4":{"start":{"line":5,"column":0},"end":{"line":5,"column":45}},"5":{"start":{"line":6,"column":0},"end":{"line":6,"column":41}},"6":{"start":{"line":7,"column":0},"end":{"line":7,"column":48}},"8":{"start":{"line":9,"column":0},"end":{"line":9,"column":22}},"9":{"start":{"line":10,"column":0},"end":{"line":10,"column":38}},"11":{"start":{"line":12,"column":0},"end":{"line":12,"column":24}},"12":{"start":{"line":13,"column":0},"end":{"line":13,"column":27}},"14":{"start":{"line":15,"column":0},"end":{"line":15,"column":34}},"15":{"start":{"line":16,"column":0},"end":{"line":16,"column":24}},"16":{"start":{"line":17,"column":0},"end":{"line":17,"column":17}},"17":{"start":{"line":18,"column":0},"end":{"line":18,"column":64}},"18":{"start":{"line":19,"column":0},"end":{"line":19,"column":40}},"19":{"start":{"line":20,"column":0},"end":{"line":20,"column":5}},"20":{"start":{"line":21,"column":0},"end":{"line":21,"column":3}},"22":{"start":{"line":23,"column":0},"end":{"line":23,"column":43}},"24":{"start":{"line":25,"column":0},"end":{"line":25,"column":30}},"25":{"start":{"line":26,"column":0},"end":{"line":26,"column":7}},"27":{"start":{"line":28,"column":0},"end":{"line":28,"column":99}},"28":{"start":{"line":29,"column":0},"end":{"line":29,"column":51}},"30":{"start":{"line":31,"column":0},"end":{"line":31,"column":21}},"31":{"start":{"line":32,"column":0},"end":{"line":32,"column":67}},"32":{"start":{"line":33,"column":0},"end":{"line":33,"column":17}},"33":{"start":{"line":34,"column":0},"end":{"line":34,"column":48}},"36":{"start":{"line":37,"column":0},"end":{"line":37,"column":28}},"37":{"start":{"line":38,"column":0},"end":{"line":38,"column":67}},"38":{"start":{"line":39,"column":0},"end":{"line":39,"column":7}},"39":{"start":{"line":40,"column":0},"end":{"line":40,"column":17}},"40":{"start":{"line":41,"column":0},"end":{"line":41,"column":49}},"41":{"start":{"line":42,"column":0},"end":{"line":42,"column":3}},"42":{"start":{"line":43,"column":0},"end":{"line":43,"column":1}},"44":{"start":{"line":45,"column":0},"end":{"line":45,"column":14}}},"s":{"0":0,"1":0,"2":0,"3":0,"4":0,"5":0,"6":0,"8":0,"9":0,"11":0,"12":0,"14":0,"15":0,"16":0,"17":0,"18":0,"19":0,"20":0,"22":0,"24":0,"25":0,"27":0,"28":0,"30":0,"31":0,"32":0,"33":0,"36":0,"37":0,"38":0,"39":0,"40":0,"41":0,"42":0,"44":0},"branchMap":{"0":{"type":"branch","line":1,"loc":{"start":{"line":1,"column":0},"end":{"line":45,"column":-543}},"locations":[{"start":{"line":1,"column":0},"end":{"line":45,"column":-543}}]}},"b":{"0":[0]},"fnMap":{"0":{"name":"(empty-report)","decl":{"start":{"line":1,"column":0},"end":{"line":45,"column":-543}},"loc":{"start":{"line":1,"column":0},"end":{"line":45,"column":-543}},"line":1}},"f":{"0":0}}
,"/Users/dean/Desktop/work/ecom/src/controller/Product.c.ts": {"path":"/Users/dean/Desktop/work/ecom/src/controller/Product.c.ts","all":false,"statementMap":{"1":{"start":{"line":2,"column":0},"end":{"line":2,"column":48}},"2":{"start":{"line":3,"column":0},"end":{"line":3,"column":42}},"3":{"start":{"line":4,"column":0},"end":{"line":4,"column":27}},"4":{"start":{"line":5,"column":0},"end":{"line":5,"column":44}},"5":{"start":{"line":6,"column":0},"end":{"line":6,"column":61}},"9":{"start":{"line":10,"column":0},"end":{"line":10,"column":65}},"10":{"start":{"line":11,"column":0},"end":{"line":11,"column":61}},"11":{"start":{"line":12,"column":0},"end":{"line":12,"column":82}},"12":{"start":{"line":13,"column":0},"end":{"line":13,"column":67}},"13":{"start":{"line":14,"column":0},"end":{"line":14,"column":40}},"14":{"start":{"line":15,"column":0},"end":{"line":15,"column":42}},"17":{"start":{"line":18,"column":0},"end":{"line":18,"column":63}},"18":{"start":{"line":19,"column":0},"end":{"line":19,"column":37}},"19":{"start":{"line":20,"column":0},"end":{"line":20,"column":18}},"20":{"start":{"line":21,"column":0},"end":{"line":21,"column":10}},"21":{"start":{"line":22,"column":0},"end":{"line":22,"column":40}},"22":{"start":{"line":23,"column":0},"end":{"line":23,"column":49}},"23":{"start":{"line":24,"column":0},"end":{"line":24,"column":11}},"24":{"start":{"line":25,"column":0},"end":{"line":25,"column":9}},"25":{"start":{"line":26,"column":0},"end":{"line":26,"column":2}},"27":{"start":{"line":28,"column":0},"end":{"line":28,"column":74}},"28":{"start":{"line":29,"column":0},"end":{"line":29,"column":7}},"29":{"start":{"line":30,"column":0},"end":{"line":30,"column":21}},"30":{"start":{"line":31,"column":0},"end":{"line":31,"column":8}},"31":{"start":{"line":32,"column":0},"end":{"line":32,"column":50}},"32":{"start":{"line":33,"column":0},"end":{"line":33,"column":23}},"33":{"start":{"line":34,"column":0},"end":{"line":34,"column":19}},"34":{"start":{"line":35,"column":0},"end":{"line":35,"column":9}},"35":{"start":{"line":36,"column":0},"end":{"line":36,"column":26}},"36":{"start":{"line":37,"column":0},"end":{"line":37,"column":63}},"37":{"start":{"line":38,"column":0},"end":{"line":38,"column":29}},"38":{"start":{"line":39,"column":0},"end":{"line":39,"column":19}},"39":{"start":{"line":40,"column":0},"end":{"line":40,"column":55}},"40":{"start":{"line":41,"column":0},"end":{"line":41,"column":3}},"41":{"start":{"line":42,"column":0},"end":{"line":42,"column":2}},"43":{"start":{"line":44,"column":0},"end":{"line":44,"column":27}},"44":{"start":{"line":45,"column":0},"end":{"line":45,"column":16}},"45":{"start":{"line":46,"column":0},"end":{"line":46,"column":17}},"46":{"start":{"line":47,"column":0},"end":{"line":47,"column":17}},"47":{"start":{"line":48,"column":0},"end":{"line":48,"column":16}},"48":{"start":{"line":49,"column":0},"end":{"line":49,"column":32}},"49":{"start":{"line":50,"column":0},"end":{"line":50,"column":73}},"50":{"start":{"line":51,"column":0},"end":{"line":51,"column":2}},"52":{"start":{"line":53,"column":0},"end":{"line":53,"column":31}},"53":{"start":{"line":54,"column":0},"end":{"line":54,"column":47}},"54":{"start":{"line":55,"column":0},"end":{"line":55,"column":14}},"55":{"start":{"line":56,"column":0},"end":{"line":56,"column":31}},"56":{"start":{"line":57,"column":0},"end":{"line":57,"column":71}},"57":{"start":{"line":58,"column":0},"end":{"line":58,"column":18}},"58":{"start":{"line":59,"column":0},"end":{"line":59,"column":2}},"60":{"start":{"line":61,"column":0},"end":{"line":61,"column":47}},"61":{"start":{"line":62,"column":0},"end":{"line":62,"column":79}},"62":{"start":{"line":63,"column":0},"end":{"line":63,"column":25}},"63":{"start":{"line":64,"column":0},"end":{"line":64,"column":57}},"64":{"start":{"line":65,"column":0},"end":{"line":65,"column":13}},"65":{"start":{"line":66,"column":0},"end":{"line":66,"column":4}},"66":{"start":{"line":67,"column":0},"end":{"line":67,"column":25}},"67":{"start":{"line":68,"column":0},"end":{"line":68,"column":2}},"69":{"start":{"line":70,"column":0},"end":{"line":70,"column":47}},"70":{"start":{"line":71,"column":0},"end":{"line":71,"column":22}},"71":{"start":{"line":72,"column":0},"end":{"line":72,"column":26}},"72":{"start":{"line":73,"column":0},"end":{"line":73,"column":28}},"73":{"start":{"line":74,"column":0},"end":{"line":74,"column":34}},"74":{"start":{"line":75,"column":0},"end":{"line":75,"column":38}},"75":{"start":{"line":76,"column":0},"end":{"line":76,"column":2}},"77":{"start":{"line":78,"column":0},"end":{"line":78,"column":28}},"99":{"start":{"line":100,"column":0},"end":{"line":100,"column":57}},"100":{"start":{"line":101,"column":0},"end":{"line":101,"column":9}},"101":{"start":{"line":102,"column":0},"end":{"line":102,"column":71}},"103":{"start":{"line":104,"column":0},"end":{"line":104,"column":57}},"104":{"start":{"line":105,"column":0},"end":{"line":105,"column":18}},"105":{"start":{"line":106,"column":0},"end":{"line":106,"column":42}},"106":{"start":{"line":107,"column":0},"end":{"line":107,"column":56}},"107":{"start":{"line":108,"column":0},"end":{"line":108,"column":7}},"109":{"start":{"line":110,"column":0},"end":{"line":110,"column":44}},"110":{"start":{"line":111,"column":0},"end":{"line":111,"column":13}},"111":{"start":{"line":112,"column":0},"end":{"line":112,"column":20}},"112":{"start":{"line":113,"column":0},"end":{"line":113,"column":14}},"113":{"start":{"line":114,"column":0},"end":{"line":114,"column":17}},"114":{"start":{"line":115,"column":0},"end":{"line":115,"column":33}},"115":{"start":{"line":116,"column":0},"end":{"line":116,"column":9}},"117":{"start":{"line":118,"column":0},"end":{"line":118,"column":64}},"118":{"start":{"line":119,"column":0},"end":{"line":119,"column":16}},"119":{"start":{"line":120,"column":0},"end":{"line":120,"column":36}},"120":{"start":{"line":121,"column":0},"end":{"line":121,"column":46}},"121":{"start":{"line":122,"column":0},"end":{"line":122,"column":21}},"122":{"start":{"line":123,"column":0},"end":{"line":123,"column":69}},"123":{"start":{"line":124,"column":0},"end":{"line":124,"column":5}},"124":{"start":{"line":125,"column":0},"end":{"line":125,"column":4}},"160":{"start":{"line":161,"column":0},"end":{"line":161,"column":55}},"161":{"start":{"line":162,"column":0},"end":{"line":162,"column":9}},"162":{"start":{"line":163,"column":0},"end":{"line":163,"column":55}},"163":{"start":{"line":164,"column":0},"end":{"line":164,"column":66}},"164":{"start":{"line":165,"column":0},"end":{"line":165,"column":80}},"165":{"start":{"line":166,"column":0},"end":{"line":166,"column":52}},"167":{"start":{"line":168,"column":0},"end":{"line":168,"column":40}},"168":{"start":{"line":169,"column":0},"end":{"line":169,"column":46}},"169":{"start":{"line":170,"column":0},"end":{"line":170,"column":13}},"170":{"start":{"line":171,"column":0},"end":{"line":171,"column":14}},"171":{"start":{"line":172,"column":0},"end":{"line":172,"column":15}},"172":{"start":{"line":173,"column":0},"end":{"line":173,"column":18}},"173":{"start":{"line":174,"column":0},"end":{"line":174,"column":17}},"174":{"start":{"line":175,"column":0},"end":{"line":175,"column":9}},"176":{"start":{"line":177,"column":0},"end":{"line":177,"column":11}},"177":{"start":{"line":178,"column":0},"end":{"line":178,"column":59}},"178":{"start":{"line":179,"column":0},"end":{"line":179,"column":25}},"179":{"start":{"line":180,"column":0},"end":{"line":180,"column":78}},"180":{"start":{"line":181,"column":0},"end":{"line":181,"column":27}},"181":{"start":{"line":182,"column":0},"end":{"line":182,"column":21}},"182":{"start":{"line":183,"column":0},"end":{"line":183,"column":25}},"183":{"start":{"line":184,"column":0},"end":{"line":184,"column":19}},"184":{"start":{"line":185,"column":0},"end":{"line":185,"column":20}},"185":{"start":{"line":186,"column":0},"end":{"line":186,"column":25}},"186":{"start":{"line":187,"column":0},"end":{"line":187,"column":25}},"187":{"start":{"line":188,"column":0},"end":{"line":188,"column":41}},"188":{"start":{"line":189,"column":0},"end":{"line":189,"column":32}},"189":{"start":{"line":190,"column":0},"end":{"line":190,"column":14}},"190":{"start":{"line":191,"column":0},"end":{"line":191,"column":13}},"191":{"start":{"line":192,"column":0},"end":{"line":192,"column":9}},"192":{"start":{"line":193,"column":0},"end":{"line":193,"column":28}},"193":{"start":{"line":194,"column":0},"end":{"line":194,"column":50}},"194":{"start":{"line":195,"column":0},"end":{"line":195,"column":7}},"196":{"start":{"line":197,"column":0},"end":{"line":197,"column":38}},"197":{"start":{"line":198,"column":0},"end":{"line":198,"column":47}},"198":{"start":{"line":199,"column":0},"end":{"line":199,"column":13}},"200":{"start":{"line":201,"column":0},"end":{"line":201,"column":39}},"201":{"start":{"line":202,"column":0},"end":{"line":202,"column":35}},"202":{"start":{"line":203,"column":0},"end":{"line":203,"column":27}},"203":{"start":{"line":204,"column":0},"end":{"line":204,"column":77}},"205":{"start":{"line":206,"column":0},"end":{"line":206,"column":57}},"206":{"start":{"line":207,"column":0},"end":{"line":207,"column":55}},"207":{"start":{"line":208,"column":0},"end":{"line":208,"column":77}},"209":{"start":{"line":210,"column":0},"end":{"line":210,"column":31}},"210":{"start":{"line":211,"column":0},"end":{"line":211,"column":17}},"211":{"start":{"line":212,"column":0},"end":{"line":212,"column":27}},"212":{"start":{"line":213,"column":0},"end":{"line":213,"column":76}},"213":{"start":{"line":214,"column":0},"end":{"line":214,"column":39}},"214":{"start":{"line":215,"column":0},"end":{"line":215,"column":21}},"215":{"start":{"line":216,"column":0},"end":{"line":216,"column":24}},"217":{"start":{"line":218,"column":0},"end":{"line":218,"column":28}},"218":{"start":{"line":219,"column":0},"end":{"line":219,"column":17}},"219":{"start":{"line":220,"column":0},"end":{"line":220,"column":60}},"220":{"start":{"line":221,"column":0},"end":{"line":221,"column":8}},"222":{"start":{"line":223,"column":0},"end":{"line":223,"column":11}},"223":{"start":{"line":224,"column":0},"end":{"line":224,"column":71}},"224":{"start":{"line":225,"column":0},"end":{"line":225,"column":24}},"225":{"start":{"line":226,"column":0},"end":{"line":226,"column":11}},"226":{"start":{"line":227,"column":0},"end":{"line":227,"column":28}},"227":{"start":{"line":228,"column":0},"end":{"line":228,"column":54}},"228":{"start":{"line":229,"column":0},"end":{"line":229,"column":7}},"230":{"start":{"line":231,"column":0},"end":{"line":231,"column":46}},"231":{"start":{"line":232,"column":0},"end":{"line":232,"column":24}},"232":{"start":{"line":233,"column":0},"end":{"line":233,"column":21}},"233":{"start":{"line":234,"column":0},"end":{"line":234,"column":37}},"234":{"start":{"line":235,"column":0},"end":{"line":235,"column":37}},"235":{"start":{"line":236,"column":0},"end":{"line":236,"column":28}},"236":{"start":{"line":237,"column":0},"end":{"line":237,"column":10}},"237":{"start":{"line":238,"column":0},"end":{"line":238,"column":9}},"238":{"start":{"line":239,"column":0},"end":{"line":239,"column":21}},"239":{"start":{"line":240,"column":0},"end":{"line":240,"column":70}},"240":{"start":{"line":241,"column":0},"end":{"line":241,"column":5}},"241":{"start":{"line":242,"column":0},"end":{"line":242,"column":4}},"281":{"start":{"line":282,"column":0},"end":{"line":282,"column":58}},"282":{"start":{"line":283,"column":0},"end":{"line":283,"column":9}},"283":{"start":{"line":284,"column":0},"end":{"line":284,"column":40}},"284":{"start":{"line":285,"column":0},"end":{"line":285,"column":37}},"286":{"start":{"line":287,"column":0},"end":{"line":287,"column":61}},"288":{"start":{"line":289,"column":0},"end":{"line":289,"column":11}},"289":{"start":{"line":290,"column":0},"end":{"line":290,"column":62}},"290":{"start":{"line":291,"column":0},"end":{"line":291,"column":26}},"291":{"start":{"line":292,"column":0},"end":{"line":292,"column":76}},"292":{"start":{"line":293,"column":0},"end":{"line":293,"column":23}},"293":{"start":{"line":294,"column":0},"end":{"line":294,"column":45}},"294":{"start":{"line":295,"column":0},"end":{"line":295,"column":7}},"296":{"start":{"line":297,"column":0},"end":{"line":297,"column":30}},"297":{"start":{"line":298,"column":0},"end":{"line":298,"column":17}},"298":{"start":{"line":299,"column":0},"end":{"line":299,"column":27}},"299":{"start":{"line":300,"column":0},"end":{"line":300,"column":46}},"300":{"start":{"line":301,"column":0},"end":{"line":301,"column":17}},"301":{"start":{"line":302,"column":0},"end":{"line":302,"column":33}},"303":{"start":{"line":304,"column":0},"end":{"line":304,"column":21}},"304":{"start":{"line":305,"column":0},"end":{"line":305,"column":18}},"305":{"start":{"line":306,"column":0},"end":{"line":306,"column":40}},"306":{"start":{"line":307,"column":0},"end":{"line":307,"column":50}},"307":{"start":{"line":308,"column":0},"end":{"line":308,"column":7}},"309":{"start":{"line":310,"column":0},"end":{"line":310,"column":11}},"310":{"start":{"line":311,"column":0},"end":{"line":311,"column":73}},"311":{"start":{"line":312,"column":0},"end":{"line":312,"column":23}},"312":{"start":{"line":313,"column":0},"end":{"line":313,"column":49}},"313":{"start":{"line":314,"column":0},"end":{"line":314,"column":7}},"315":{"start":{"line":316,"column":0},"end":{"line":316,"column":54}},"316":{"start":{"line":317,"column":0},"end":{"line":317,"column":21}},"317":{"start":{"line":318,"column":0},"end":{"line":318,"column":69}},"318":{"start":{"line":319,"column":0},"end":{"line":319,"column":5}},"319":{"start":{"line":320,"column":0},"end":{"line":320,"column":4}},"368":{"start":{"line":369,"column":0},"end":{"line":369,"column":57}},"369":{"start":{"line":370,"column":0},"end":{"line":370,"column":9}},"370":{"start":{"line":371,"column":0},"end":{"line":371,"column":40}},"371":{"start":{"line":372,"column":0},"end":{"line":372,"column":37}},"373":{"start":{"line":374,"column":0},"end":{"line":374,"column":71}},"374":{"start":{"line":375,"column":0},"end":{"line":375,"column":78}},"376":{"start":{"line":377,"column":0},"end":{"line":377,"column":10}},"377":{"start":{"line":378,"column":0},"end":{"line":378,"column":45}},"378":{"start":{"line":379,"column":0},"end":{"line":379,"column":46}},"379":{"start":{"line":380,"column":0},"end":{"line":380,"column":9}},"380":{"start":{"line":381,"column":0},"end":{"line":381,"column":9}},"381":{"start":{"line":382,"column":0},"end":{"line":382,"column":18}},"382":{"start":{"line":383,"column":0},"end":{"line":383,"column":42}},"383":{"start":{"line":384,"column":0},"end":{"line":384,"column":68}},"384":{"start":{"line":385,"column":0},"end":{"line":385,"column":7}},"386":{"start":{"line":387,"column":0},"end":{"line":387,"column":10}},"387":{"start":{"line":388,"column":0},"end":{"line":388,"column":30}},"388":{"start":{"line":389,"column":0},"end":{"line":389,"column":59}},"389":{"start":{"line":390,"column":0},"end":{"line":390,"column":9}},"390":{"start":{"line":391,"column":0},"end":{"line":391,"column":18}},"391":{"start":{"line":392,"column":0},"end":{"line":392,"column":42}},"392":{"start":{"line":393,"column":0},"end":{"line":393,"column":74}},"393":{"start":{"line":394,"column":0},"end":{"line":394,"column":7}},"395":{"start":{"line":396,"column":0},"end":{"line":396,"column":33}},"396":{"start":{"line":397,"column":0},"end":{"line":397,"column":53}},"397":{"start":{"line":398,"column":0},"end":{"line":398,"column":74}},"398":{"start":{"line":399,"column":0},"end":{"line":399,"column":68}},"399":{"start":{"line":400,"column":0},"end":{"line":400,"column":65}},"400":{"start":{"line":401,"column":0},"end":{"line":401,"column":71}},"402":{"start":{"line":403,"column":0},"end":{"line":403,"column":35}},"403":{"start":{"line":404,"column":0},"end":{"line":404,"column":29}},"404":{"start":{"line":405,"column":0},"end":{"line":405,"column":24}},"405":{"start":{"line":406,"column":0},"end":{"line":406,"column":46}},"406":{"start":{"line":407,"column":0},"end":{"line":407,"column":21}},"408":{"start":{"line":409,"column":0},"end":{"line":409,"column":38}},"409":{"start":{"line":410,"column":0},"end":{"line":410,"column":18}},"410":{"start":{"line":411,"column":0},"end":{"line":411,"column":40}},"411":{"start":{"line":412,"column":0},"end":{"line":412,"column":50}},"412":{"start":{"line":413,"column":0},"end":{"line":413,"column":7}},"414":{"start":{"line":415,"column":0},"end":{"line":415,"column":25}},"415":{"start":{"line":416,"column":0},"end":{"line":416,"column":60}},"416":{"start":{"line":417,"column":0},"end":{"line":417,"column":63}},"417":{"start":{"line":418,"column":0},"end":{"line":418,"column":9}},"419":{"start":{"line":420,"column":0},"end":{"line":420,"column":62}},"420":{"start":{"line":421,"column":0},"end":{"line":421,"column":21}},"421":{"start":{"line":422,"column":0},"end":{"line":422,"column":69}},"422":{"start":{"line":423,"column":0},"end":{"line":423,"column":5}},"423":{"start":{"line":424,"column":0},"end":{"line":424,"column":4}},"465":{"start":{"line":466,"column":0},"end":{"line":466,"column":57}},"466":{"start":{"line":467,"column":0},"end":{"line":467,"column":9}},"467":{"start":{"line":468,"column":0},"end":{"line":468,"column":40}},"468":{"start":{"line":469,"column":0},"end":{"line":469,"column":37}},"470":{"start":{"line":471,"column":0},"end":{"line":471,"column":35}},"471":{"start":{"line":472,"column":0},"end":{"line":472,"column":29}},"472":{"start":{"line":473,"column":0},"end":{"line":473,"column":47}},"474":{"start":{"line":475,"column":0},"end":{"line":475,"column":40}},"475":{"start":{"line":476,"column":0},"end":{"line":476,"column":18}},"476":{"start":{"line":477,"column":0},"end":{"line":477,"column":40}},"477":{"start":{"line":478,"column":0},"end":{"line":478,"column":50}},"478":{"start":{"line":479,"column":0},"end":{"line":479,"column":7}},"480":{"start":{"line":481,"column":0},"end":{"line":481,"column":25}},"481":{"start":{"line":482,"column":0},"end":{"line":482,"column":60}},"482":{"start":{"line":483,"column":0},"end":{"line":483,"column":63}},"483":{"start":{"line":484,"column":0},"end":{"line":484,"column":9}},"485":{"start":{"line":486,"column":0},"end":{"line":486,"column":16}},"486":{"start":{"line":487,"column":0},"end":{"line":487,"column":31}},"487":{"start":{"line":488,"column":0},"end":{"line":488,"column":59}},"488":{"start":{"line":489,"column":0},"end":{"line":489,"column":21}},"489":{"start":{"line":490,"column":0},"end":{"line":490,"column":69}},"490":{"start":{"line":491,"column":0},"end":{"line":491,"column":5}},"491":{"start":{"line":492,"column":0},"end":{"line":492,"column":4}},"492":{"start":{"line":493,"column":0},"end":{"line":493,"column":2}}},"s":{"1":1,"2":1,"3":1,"4":1,"5":1,"9":1,"10":1,"11":1,"12":1,"13":1,"14":1,"17":1,"18":17,"19":17,"20":1,"21":1,"22":1,"23":1,"24":16,"25":17,"27":1,"28":8,"29":8,"30":8,"31":8,"32":8,"33":8,"34":8,"35":6,"36":8,"37":8,"38":8,"39":2,"40":2,"41":8,"43":1,"44":5,"45":5,"46":5,"47":5,"48":5,"49":5,"50":5,"52":1,"53":12,"54":12,"55":12,"56":12,"57":12,"58":12,"60":1,"61":12,"62":12,"63":12,"64":12,"65":12,"66":12,"67":12,"69":1,"70":1,"71":1,"72":1,"73":1,"74":1,"75":1,"77":1,"99":1,"100":6,"101":6,"103":6,"104":1,"105":1,"106":1,"107":1,"109":5,"110":5,"111":5,"112":5,"113":5,"114":6,"115":6,"117":4,"118":4,"119":4,"120":4,"121":6,"122":1,"123":1,"124":6,"160":1,"161":12,"162":12,"163":12,"164":12,"165":12,"167":12,"168":12,"169":12,"170":12,"171":12,"172":12,"173":12,"174":12,"176":12,"177":12,"178":12,"179":1,"180":1,"181":1,"182":1,"183":1,"184":1,"185":1,"186":1,"187":1,"188":1,"189":1,"190":1,"191":1,"192":12,"193":1,"194":1,"196":11,"197":1,"198":10,"200":12,"201":12,"202":12,"203":12,"205":12,"206":12,"207":12,"209":12,"210":12,"211":12,"212":12,"213":12,"214":12,"215":12,"217":10,"218":10,"219":10,"220":10,"222":10,"223":10,"224":10,"225":10,"226":12,"227":1,"228":1,"230":10,"231":10,"232":10,"233":10,"234":10,"235":10,"236":10,"237":10,"238":12,"239":1,"240":1,"241":12,"281":1,"282":6,"283":6,"284":6,"286":6,"288":6,"289":6,"290":5,"291":6,"292":6,"293":1,"294":1,"296":5,"297":5,"298":5,"299":5,"300":5,"301":5,"303":6,"304":1,"305":1,"306":1,"307":1,"309":3,"310":3,"311":6,"312":1,"313":1,"315":3,"316":6,"317":1,"318":1,"319":6,"368":1,"369":7,"370":7,"371":7,"373":7,"374":7,"376":7,"377":7,"378":7,"379":7,"380":7,"381":1,"382":1,"383":1,"384":1,"386":6,"387":6,"388":5,"389":7,"390":1,"391":1,"392":1,"393":1,"395":5,"396":7,"397":7,"398":7,"399":7,"400":7,"402":5,"403":5,"404":5,"405":5,"406":5,"408":7,"409":1,"410":1,"411":1,"412":1,"414":3,"415":3,"416":3,"417":3,"419":3,"420":7,"421":1,"422":1,"423":7,"465":1,"466":4,"467":4,"468":4,"470":3,"471":3,"472":3,"474":4,"475":1,"476":1,"477":1,"478":1,"480":1,"481":1,"482":1,"483":1,"485":1,"486":1,"487":1,"488":1,"489":1,"490":1,"491":4,"492":1},"branchMap":{"0":{"type":"branch","line":18,"loc":{"start":{"line":18,"column":14},"end":{"line":26,"column":2}},"locations":[{"start":{"line":18,"column":14},"end":{"line":26,"column":2}}]},"1":{"type":"branch","line":20,"loc":{"start":{"line":20,"column":17},"end":{"line":24,"column":11}},"locations":[{"start":{"line":20,"column":17},"end":{"line":24,"column":11}}]},"2":{"type":"branch","line":24,"loc":{"start":{"line":24,"column":6},"end":{"line":25,"column":9}},"locations":[{"start":{"line":24,"column":6},"end":{"line":25,"column":9}}]},"3":{"type":"branch","line":28,"loc":{"start":{"line":28,"column":31},"end":{"line":42,"column":2}},"locations":[{"start":{"line":28,"column":31},"end":{"line":42,"column":2}}]},"4":{"type":"branch","line":35,"loc":{"start":{"line":35,"column":7},"end":{"line":37,"column":37}},"locations":[{"start":{"line":35,"column":7},"end":{"line":37,"column":37}}]},"5":{"type":"branch","line":37,"loc":{"start":{"line":37,"column":31},"end":{"line":37,"column":63}},"locations":[{"start":{"line":37,"column":31},"end":{"line":37,"column":63}}]},"6":{"type":"branch","line":39,"loc":{"start":{"line":39,"column":2},"end":{"line":41,"column":3}},"locations":[{"start":{"line":39,"column":2},"end":{"line":41,"column":3}}]},"7":{"type":"branch","line":44,"loc":{"start":{"line":44,"column":26},"end":{"line":51,"column":2}},"locations":[{"start":{"line":44,"column":26},"end":{"line":51,"column":2}}]},"8":{"type":"branch","line":53,"loc":{"start":{"line":53,"column":30},"end":{"line":59,"column":2}},"locations":[{"start":{"line":53,"column":30},"end":{"line":59,"column":2}}]},"9":{"type":"branch","line":57,"loc":{"start":{"line":57,"column":12},"end":{"line":57,"column":49}},"locations":[{"start":{"line":57,"column":12},"end":{"line":57,"column":49}}]},"10":{"type":"branch","line":61,"loc":{"start":{"line":61,"column":28},"end":{"line":68,"column":2}},"locations":[{"start":{"line":61,"column":28},"end":{"line":68,"column":2}}]},"11":{"type":"branch","line":62,"loc":{"start":{"line":62,"column":57},"end":{"line":62,"column":76}},"locations":[{"start":{"line":62,"column":57},"end":{"line":62,"column":76}}]},"12":{"type":"branch","line":64,"loc":{"start":{"line":64,"column":38},"end":{"line":64,"column":57}},"locations":[{"start":{"line":64,"column":38},"end":{"line":64,"column":57}}]},"13":{"type":"branch","line":100,"loc":{"start":{"line":100,"column":17},"end":{"line":125,"column":4}},"locations":[{"start":{"line":100,"column":17},"end":{"line":125,"column":4}}]},"14":{"type":"branch","line":104,"loc":{"start":{"line":104,"column":11},"end":{"line":104,"column":35}},"locations":[{"start":{"line":104,"column":11},"end":{"line":104,"column":35}}]},"15":{"type":"branch","line":104,"loc":{"start":{"line":104,"column":20},"end":{"line":104,"column":45}},"locations":[{"start":{"line":104,"column":20},"end":{"line":104,"column":45}}]},"16":{"type":"branch","line":104,"loc":{"start":{"line":104,"column":36},"end":{"line":104,"column":56}},"locations":[{"start":{"line":104,"column":36},"end":{"line":104,"column":56}}]},"17":{"type":"branch","line":104,"loc":{"start":{"line":104,"column":56},"end":{"line":108,"column":7}},"locations":[{"start":{"line":104,"column":56},"end":{"line":108,"column":7}}]},"18":{"type":"branch","line":108,"loc":{"start":{"line":108,"column":6},"end":{"line":115,"column":28}},"locations":[{"start":{"line":108,"column":6},"end":{"line":115,"column":28}}]},"19":{"type":"branch","line":115,"loc":{"start":{"line":115,"column":17},"end":{"line":115,"column":33}},"locations":[{"start":{"line":115,"column":17},"end":{"line":115,"column":33}}]},"20":{"type":"branch","line":116,"loc":{"start":{"line":116,"column":7},"end":{"line":122,"column":13}},"locations":[{"start":{"line":116,"column":7},"end":{"line":122,"column":13}}]},"21":{"type":"branch","line":122,"loc":{"start":{"line":122,"column":4},"end":{"line":124,"column":5}},"locations":[{"start":{"line":122,"column":4},"end":{"line":124,"column":5}}]},"22":{"type":"branch","line":161,"loc":{"start":{"line":161,"column":15},"end":{"line":242,"column":4}},"locations":[{"start":{"line":161,"column":15},"end":{"line":242,"column":4}}]},"23":{"type":"branch","line":164,"loc":{"start":{"line":164,"column":32},"end":{"line":164,"column":66}},"locations":[{"start":{"line":164,"column":32},"end":{"line":164,"column":66}}]},"24":{"type":"branch","line":165,"loc":{"start":{"line":165,"column":60},"end":{"line":165,"column":76}},"locations":[{"start":{"line":165,"column":60},"end":{"line":165,"column":76}}]},"25":{"type":"branch","line":165,"loc":{"start":{"line":165,"column":69},"end":{"line":165,"column":80}},"locations":[{"start":{"line":165,"column":69},"end":{"line":165,"column":80}}]},"26":{"type":"branch","line":178,"loc":{"start":{"line":178,"column":57},"end":{"line":179,"column":24}},"locations":[{"start":{"line":178,"column":57},"end":{"line":179,"column":24}}]},"27":{"type":"branch","line":179,"loc":{"start":{"line":179,"column":24},"end":{"line":192,"column":9}},"locations":[{"start":{"line":179,"column":24},"end":{"line":192,"column":9}}]},"28":{"type":"branch","line":193,"loc":{"start":{"line":193,"column":6},"end":{"line":195,"column":7}},"locations":[{"start":{"line":193,"column":6},"end":{"line":195,"column":7}}]},"29":{"type":"branch","line":195,"loc":{"start":{"line":195,"column":6},"end":{"line":197,"column":38}},"locations":[{"start":{"line":195,"column":6},"end":{"line":197,"column":38}}]},"30":{"type":"branch","line":197,"loc":{"start":{"line":197,"column":30},"end":{"line":198,"column":47}},"locations":[{"start":{"line":197,"column":30},"end":{"line":198,"column":47}}]},"31":{"type":"branch","line":198,"loc":{"start":{"line":198,"column":46},"end":{"line":199,"column":13}},"locations":[{"start":{"line":198,"column":46},"end":{"line":199,"column":13}}]},"32":{"type":"branch","line":204,"loc":{"start":{"line":204,"column":31},"end":{"line":204,"column":66}},"locations":[{"start":{"line":204,"column":31},"end":{"line":204,"column":66}}]},"33":{"type":"branch","line":204,"loc":{"start":{"line":204,"column":62},"end":{"line":204,"column":75}},"locations":[{"start":{"line":204,"column":62},"end":{"line":204,"column":75}}]},"34":{"type":"branch","line":204,"loc":{"start":{"line":204,"column":75},"end":{"line":206,"column":46}},"locations":[{"start":{"line":204,"column":75},"end":{"line":206,"column":46}}]},"35":{"type":"branch","line":206,"loc":{"start":{"line":206,"column":43},"end":{"line":206,"column":55}},"locations":[{"start":{"line":206,"column":43},"end":{"line":206,"column":55}}]},"36":{"type":"branch","line":206,"loc":{"start":{"line":206,"column":46},"end":{"line":206,"column":57}},"locations":[{"start":{"line":206,"column":46},"end":{"line":206,"column":57}}]},"37":{"type":"branch","line":208,"loc":{"start":{"line":208,"column":48},"end":{"line":208,"column":77}},"locations":[{"start":{"line":208,"column":48},"end":{"line":208,"column":77}}]},"38":{"type":"branch","line":213,"loc":{"start":{"line":213,"column":31},"end":{"line":213,"column":66}},"locations":[{"start":{"line":213,"column":31},"end":{"line":213,"column":66}}]},"39":{"type":"branch","line":213,"loc":{"start":{"line":213,"column":62},"end":{"line":213,"column":75}},"locations":[{"start":{"line":213,"column":62},"end":{"line":213,"column":75}}]},"40":{"type":"branch","line":216,"loc":{"start":{"line":216,"column":22},"end":{"line":226,"column":11}},"locations":[{"start":{"line":216,"column":22},"end":{"line":226,"column":11}}]},"41":{"type":"branch","line":226,"loc":{"start":{"line":226,"column":9},"end":{"line":227,"column":15}},"locations":[{"start":{"line":226,"column":9},"end":{"line":227,"column":15}}]},"42":{"type":"branch","line":227,"loc":{"start":{"line":227,"column":6},"end":{"line":229,"column":7}},"locations":[{"start":{"line":227,"column":6},"end":{"line":229,"column":7}}]},"43":{"type":"branch","line":229,"loc":{"start":{"line":229,"column":6},"end":{"line":239,"column":13}},"locations":[{"start":{"line":229,"column":6},"end":{"line":239,"column":13}}]},"44":{"type":"branch","line":239,"loc":{"start":{"line":239,"column":4},"end":{"line":241,"column":5}},"locations":[{"start":{"line":239,"column":4},"end":{"line":241,"column":5}}]},"45":{"type":"branch","line":282,"loc":{"start":{"line":282,"column":18},"end":{"line":320,"column":4}},"locations":[{"start":{"line":282,"column":18},"end":{"line":320,"column":4}}]},"46":{"type":"branch","line":285,"loc":{"start":{"line":285,"column":30},"end":{"line":285,"column":37}},"locations":[{"start":{"line":285,"column":30},"end":{"line":285,"column":37}}]},"47":{"type":"branch","line":290,"loc":{"start":{"line":290,"column":60},"end":{"line":292,"column":17}},"locations":[{"start":{"line":290,"column":60},"end":{"line":292,"column":17}}]},"48":{"type":"branch","line":292,"loc":{"start":{"line":292,"column":10},"end":{"line":292,"column":76}},"locations":[{"start":{"line":292,"column":10},"end":{"line":292,"column":76}}]},"49":{"type":"branch","line":293,"loc":{"start":{"line":293,"column":6},"end":{"line":295,"column":7}},"locations":[{"start":{"line":293,"column":6},"end":{"line":295,"column":7}}]},"50":{"type":"branch","line":295,"loc":{"start":{"line":295,"column":6},"end":{"line":302,"column":33}},"locations":[{"start":{"line":295,"column":6},"end":{"line":302,"column":33}}]},"51":{"type":"branch","line":302,"loc":{"start":{"line":302,"column":31},"end":{"line":304,"column":20}},"locations":[{"start":{"line":302,"column":31},"end":{"line":304,"column":20}}]},"52":{"type":"branch","line":304,"loc":{"start":{"line":304,"column":20},"end":{"line":308,"column":7}},"locations":[{"start":{"line":304,"column":20},"end":{"line":308,"column":7}}]},"53":{"type":"branch","line":308,"loc":{"start":{"line":308,"column":6},"end":{"line":311,"column":73}},"locations":[{"start":{"line":308,"column":6},"end":{"line":311,"column":73}}]},"54":{"type":"branch","line":311,"loc":{"start":{"line":311,"column":71},"end":{"line":312,"column":15}},"locations":[{"start":{"line":311,"column":71},"end":{"line":312,"column":15}}]},"55":{"type":"branch","line":312,"loc":{"start":{"line":312,"column":6},"end":{"line":314,"column":7}},"locations":[{"start":{"line":312,"column":6},"end":{"line":314,"column":7}}]},"56":{"type":"branch","line":314,"loc":{"start":{"line":314,"column":6},"end":{"line":317,"column":13}},"locations":[{"start":{"line":314,"column":6},"end":{"line":317,"column":13}}]},"57":{"type":"branch","line":317,"loc":{"start":{"line":317,"column":4},"end":{"line":319,"column":5}},"locations":[{"start":{"line":317,"column":4},"end":{"line":319,"column":5}}]},"58":{"type":"branch","line":302,"loc":{"start":{"line":302,"column":14},"end":{"line":302,"column":31}},"locations":[{"start":{"line":302,"column":14},"end":{"line":302,"column":31}}]},"59":{"type":"branch","line":369,"loc":{"start":{"line":369,"column":17},"end":{"line":424,"column":4}},"locations":[{"start":{"line":369,"column":17},"end":{"line":424,"column":4}}]},"60":{"type":"branch","line":372,"loc":{"start":{"line":372,"column":30},"end":{"line":372,"column":37}},"locations":[{"start":{"line":372,"column":30},"end":{"line":372,"column":37}}]},"61":{"type":"branch","line":381,"loc":{"start":{"line":381,"column":8},"end":{"line":385,"column":7}},"locations":[{"start":{"line":381,"column":8},"end":{"line":385,"column":7}}]},"62":{"type":"branch","line":385,"loc":{"start":{"line":385,"column":6},"end":{"line":388,"column":30}},"locations":[{"start":{"line":385,"column":6},"end":{"line":388,"column":30}}]},"63":{"type":"branch","line":388,"loc":{"start":{"line":388,"column":18},"end":{"line":389,"column":59}},"locations":[{"start":{"line":388,"column":18},"end":{"line":389,"column":59}}]},"64":{"type":"branch","line":390,"loc":{"start":{"line":390,"column":8},"end":{"line":394,"column":7}},"locations":[{"start":{"line":390,"column":8},"end":{"line":394,"column":7}}]},"65":{"type":"branch","line":394,"loc":{"start":{"line":394,"column":6},"end":{"line":397,"column":41}},"locations":[{"start":{"line":394,"column":6},"end":{"line":397,"column":41}}]},"66":{"type":"branch","line":397,"loc":{"start":{"line":397,"column":30},"end":{"line":397,"column":53}},"locations":[{"start":{"line":397,"column":30},"end":{"line":397,"column":53}}]},"67":{"type":"branch","line":397,"loc":{"start":{"line":397,"column":48},"end":{"line":398,"column":48}},"locations":[{"start":{"line":397,"column":48},"end":{"line":398,"column":48}}]},"68":{"type":"branch","line":398,"loc":{"start":{"line":398,"column":37},"end":{"line":398,"column":74}},"locations":[{"start":{"line":398,"column":37},"end":{"line":398,"column":74}}]},"69":{"type":"branch","line":398,"loc":{"start":{"line":398,"column":62},"end":{"line":399,"column":42}},"locations":[{"start":{"line":398,"column":62},"end":{"line":399,"column":42}}]},"70":{"type":"branch","line":399,"loc":{"start":{"line":399,"column":31},"end":{"line":399,"column":68}},"locations":[{"start":{"line":399,"column":31},"end":{"line":399,"column":68}}]},"71":{"type":"branch","line":399,"loc":{"start":{"line":399,"column":66},"end":{"line":400,"column":45}},"locations":[{"start":{"line":399,"column":66},"end":{"line":400,"column":45}}]},"72":{"type":"branch","line":400,"loc":{"start":{"line":400,"column":34},"end":{"line":400,"column":65}},"locations":[{"start":{"line":400,"column":34},"end":{"line":400,"column":65}}]},"73":{"type":"branch","line":400,"loc":{"start":{"line":400,"column":56},"end":{"line":401,"column":44}},"locations":[{"start":{"line":400,"column":56},"end":{"line":401,"column":44}}]},"74":{"type":"branch","line":401,"loc":{"start":{"line":401,"column":33},"end":{"line":401,"column":71}},"locations":[{"start":{"line":401,"column":33},"end":{"line":401,"column":71}}]},"75":{"type":"branch","line":401,"loc":{"start":{"line":401,"column":69},"end":{"line":407,"column":21}},"locations":[{"start":{"line":401,"column":69},"end":{"line":407,"column":21}}]},"76":{"type":"branch","line":407,"loc":{"start":{"line":407,"column":19},"end":{"line":409,"column":37}},"locations":[{"start":{"line":407,"column":19},"end":{"line":409,"column":37}}]},"77":{"type":"branch","line":409,"loc":{"start":{"line":409,"column":37},"end":{"line":413,"column":7}},"locations":[{"start":{"line":409,"column":37},"end":{"line":413,"column":7}}]},"78":{"type":"branch","line":413,"loc":{"start":{"line":413,"column":6},"end":{"line":421,"column":13}},"locations":[{"start":{"line":413,"column":6},"end":{"line":421,"column":13}}]},"79":{"type":"branch","line":421,"loc":{"start":{"line":421,"column":4},"end":{"line":423,"column":5}},"locations":[{"start":{"line":421,"column":4},"end":{"line":423,"column":5}}]},"80":{"type":"branch","line":379,"loc":{"start":{"line":379,"column":10},"end":{"line":379,"column":46}},"locations":[{"start":{"line":379,"column":10},"end":{"line":379,"column":46}}]},"81":{"type":"branch","line":379,"loc":{"start":{"line":379,"column":23},"end":{"line":379,"column":46}},"locations":[{"start":{"line":379,"column":23},"end":{"line":379,"column":46}}]},"82":{"type":"branch","line":466,"loc":{"start":{"line":466,"column":17},"end":{"line":492,"column":4}},"locations":[{"start":{"line":466,"column":17},"end":{"line":492,"column":4}}]},"83":{"type":"branch","line":469,"loc":{"start":{"line":469,"column":30},"end":{"line":469,"column":37}},"locations":[{"start":{"line":469,"column":30},"end":{"line":469,"column":37}}]},"84":{"type":"branch","line":469,"loc":{"start":{"line":469,"column":30},"end":{"line":473,"column":47}},"locations":[{"start":{"line":469,"column":30},"end":{"line":473,"column":47}}]},"85":{"type":"branch","line":473,"loc":{"start":{"line":473,"column":45},"end":{"line":475,"column":39}},"locations":[{"start":{"line":473,"column":45},"end":{"line":475,"column":39}}]},"86":{"type":"branch","line":475,"loc":{"start":{"line":475,"column":39},"end":{"line":491,"column":5}},"locations":[{"start":{"line":475,"column":39},"end":{"line":491,"column":5}}]}},"b":{"0":[17],"1":[1],"2":[16],"3":[8],"4":[6],"5":[1],"6":[2],"7":[5],"8":[12],"9":[60],"10":[12],"11":[0],"12":[0],"13":[6],"14":[5],"15":[5],"16":[5],"17":[1],"18":[5],"19":[1],"20":[4],"21":[1],"22":[12],"23":[9],"24":[1],"25":[11],"26":[11],"27":[1],"28":[1],"29":[11],"30":[1],"31":[10],"32":[1],"33":[10],"34":[10],"35":[8],"36":[2],"37":[1],"38":[1],"39":[9],"40":[10],"41":[9],"42":[1],"43":[10],"44":[1],"45":[6],"46":[0],"47":[5],"48":[1],"49":[1],"50":[5],"51":[4],"52":[1],"53":[3],"54":[2],"55":[1],"56":[3],"57":[1],"58":[4],"59":[7],"60":[0],"61":[1],"62":[6],"63":[5],"64":[1],"65":[5],"66":[4],"67":[5],"68":[1],"69":[5],"70":[4],"71":[5],"72":[0],"73":[5],"74":[1],"75":[5],"76":[4],"77":[1],"78":[3],"79":[1],"80":[15],"81":[6],"82":[4],"83":[1],"84":[3],"85":[2],"86":[1]},"fnMap":{"0":{"name":"getId","decl":{"start":{"line":18,"column":14},"end":{"line":26,"column":2}},"loc":{"start":{"line":18,"column":14},"end":{"line":26,"column":2}},"line":18},"1":{"name":"invalidateCachePattern","decl":{"start":{"line":28,"column":31},"end":{"line":42,"column":2}},"loc":{"start":{"line":28,"column":31},"end":{"line":42,"column":2}},"line":28},"2":{"name":"handleServerError","decl":{"start":{"line":44,"column":26},"end":{"line":51,"column":2}},"loc":{"start":{"line":44,"column":26},"end":{"line":51,"column":2}},"line":44},"3":{"name":"buildProductsCacheKey","decl":{"start":{"line":53,"column":30},"end":{"line":59,"column":2}},"loc":{"start":{"line":53,"column":30},"end":{"line":59,"column":2}},"line":53},"4":{"name":"getPaginationParams","decl":{"start":{"line":61,"column":28},"end":{"line":68,"column":2}},"loc":{"start":{"line":61,"column":28},"end":{"line":68,"column":2}},"line":61},"5":{"name":"createProduct","decl":{"start":{"line":100,"column":17},"end":{"line":125,"column":4}},"loc":{"start":{"line":100,"column":17},"end":{"line":125,"column":4}},"line":100},"6":{"name":"getProducts","decl":{"start":{"line":161,"column":15},"end":{"line":242,"column":4}},"loc":{"start":{"line":161,"column":15},"end":{"line":242,"column":4}},"line":161},"7":{"name":"getProductById","decl":{"start":{"line":282,"column":18},"end":{"line":320,"column":4}},"loc":{"start":{"line":282,"column":18},"end":{"line":320,"column":4}},"line":282},"8":{"name":"updateProduct","decl":{"start":{"line":369,"column":17},"end":{"line":424,"column":4}},"loc":{"start":{"line":369,"column":17},"end":{"line":424,"column":4}},"line":369},"9":{"name":"deleteProduct","decl":{"start":{"line":466,"column":17},"end":{"line":492,"column":4}},"loc":{"start":{"line":466,"column":17},"end":{"line":492,"column":4}},"line":466}},"f":{"0":17,"1":8,"2":5,"3":12,"4":12,"5":6,"6":12,"7":6,"8":7,"9":4}}
,"/Users/dean/Desktop/work/ecom/src/db/index.ts": {"path":"/Users/dean/Desktop/work/ecom/src/db/index.ts","all":false,"statementMap":{"0":{"start":{"line":1,"column":0},"end":{"line":1,"column":23}},"1":{"start":{"line":2,"column":0},"end":{"line":2,"column":52}},"2":{"start":{"line":3,"column":0},"end":{"line":3,"column":41}},"4":{"start":{"line":5,"column":0},"end":{"line":5,"column":163}},"6":{"start":{"line":7,"column":0},"end":{"line":7,"column":41}}},"s":{"0":1,"1":1,"2":1,"4":1,"6":1},"branchMap":{},"b":{},"fnMap":{},"f":{}}
,"/Users/dean/Desktop/work/ecom/src/db/redis.ts": {"path":"/Users/dean/Desktop/work/ecom/src/db/redis.ts","all":false,"statementMap":{"0":{"start":{"line":1,"column":0},"end":{"line":1,"column":37}},"1":{"start":{"line":2,"column":0},"end":{"line":2,"column":41}},"4":{"start":{"line":5,"column":0},"end":{"line":5,"column":39}},"5":{"start":{"line":6,"column":0},"end":{"line":6,"column":58}},"6":{"start":{"line":7,"column":0},"end":{"line":7,"column":3}}},"s":{"0":1,"1":1,"4":1,"5":1,"6":1},"branchMap":{},"b":{},"fnMap":{},"f":{}}
,"/Users/dean/Desktop/work/ecom/src/db/schema.ts": {"path":"/Users/dean/Desktop/work/ecom/src/db/schema.ts","all":false,"statementMap":{"0":{"start":{"line":1,"column":0},"end":{"line":1,"column":8}},"9":{"start":{"line":10,"column":0},"end":{"line":10,"column":49}},"10":{"start":{"line":11,"column":0},"end":{"line":11,"column":57}},"11":{"start":{"line":12,"column":0},"end":{"line":12,"column":43}},"12":{"start":{"line":13,"column":0},"end":{"line":13,"column":51}},"13":{"start":{"line":14,"column":0},"end":{"line":14,"column":56}},"14":{"start":{"line":15,"column":0},"end":{"line":15,"column":47}},"15":{"start":{"line":16,"column":0},"end":{"line":16,"column":45}},"16":{"start":{"line":17,"column":0},"end":{"line":17,"column":61}},"17":{"start":{"line":18,"column":0},"end":{"line":18,"column":37}},"18":{"start":{"line":19,"column":0},"end":{"line":19,"column":14}},"19":{"start":{"line":20,"column":0},"end":{"line":20,"column":17}},"20":{"start":{"line":21,"column":0},"end":{"line":21,"column":35}},"21":{"start":{"line":22,"column":0},"end":{"line":22,"column":3}}},"s":{"0":1,"9":1,"10":1,"11":1,"12":1,"13":1,"14":1,"15":1,"16":1,"17":1,"18":1,"19":1,"20":1,"21":1},"branchMap":{},"b":{},"fnMap":{},"f":{}}
,"/Users/dean/Desktop/work/ecom/src/routes/products.r.ts": {"path":"/Users/dean/Desktop/work/ecom/src/routes/products.r.ts","all":true,"statementMap":{"0":{"start":{"line":1,"column":0},"end":{"line":1,"column":33}},"1":{"start":{"line":2,"column":0},"end":{"line":2,"column":54}},"3":{"start":{"line":4,"column":0},"end":{"line":4,"column":24}},"5":{"start":{"line":6,"column":0},"end":{"line":6,"column":50}},"6":{"start":{"line":7,"column":0},"end":{"line":7,"column":41}},"8":{"start":{"line":9,"column":0},"end":{"line":9,"column":6}},"9":{"start":{"line":10,"column":0},"end":{"line":10,"column":16}},"10":{"start":{"line":11,"column":0},"end":{"line":11,"column":34}},"11":{"start":{"line":12,"column":0},"end":{"line":12,"column":35}},"12":{"start":{"line":13,"column":0},"end":{"line":13,"column":37}},"14":{"start":{"line":15,"column":0},"end":{"line":15,"column":22}}},"s":{"0":0,"1":0,"3":0,"5":0,"6":0,"8":0,"9":0,"10":0,"11":0,"12":0,"14":0},"branchMap":{"0":{"type":"branch","line":1,"loc":{"start":{"line":1,"column":420},"end":{"line":15,"column":22}},"locations":[{"start":{"line":1,"column":420},"end":{"line":15,"column":22}}]}},"b":{"0":[0]},"fnMap":{"0":{"name":"(empty-report)","decl":{"start":{"line":1,"column":420},"end":{"line":15,"column":22}},"loc":{"start":{"line":1,"column":420},"end":{"line":15,"column":22}},"line":1}},"f":{"0":0}}
,"/Users/dean/Desktop/work/ecom/src/test/mocks/db.ts": {"path":"/Users/dean/Desktop/work/ecom/src/test/mocks/db.ts","all":false,"statementMap":{"1":{"start":{"line":2,"column":0},"end":{"line":2,"column":34}},"2":{"start":{"line":3,"column":0},"end":{"line":3,"column":30}},"3":{"start":{"line":4,"column":0},"end":{"line":4,"column":45}},"5":{"start":{"line":6,"column":0},"end":{"line":6,"column":23}},"6":{"start":{"line":7,"column":0},"end":{"line":7,"column":18}},"7":{"start":{"line":8,"column":0},"end":{"line":8,"column":49}},"8":{"start":{"line":9,"column":0},"end":{"line":9,"column":5}},"9":{"start":{"line":10,"column":0},"end":{"line":10,"column":18}},"10":{"start":{"line":11,"column":0},"end":{"line":11,"column":35}},"11":{"start":{"line":12,"column":0},"end":{"line":12,"column":36}},"12":{"start":{"line":13,"column":0},"end":{"line":13,"column":38}},"13":{"start":{"line":14,"column":0},"end":{"line":14,"column":36}},"14":{"start":{"line":15,"column":0},"end":{"line":15,"column":42}},"15":{"start":{"line":16,"column":0},"end":{"line":16,"column":5}},"16":{"start":{"line":17,"column":0},"end":{"line":17,"column":18}},"17":{"start":{"line":18,"column":0},"end":{"line":18,"column":34}},"18":{"start":{"line":19,"column":0},"end":{"line":19,"column":36}},"19":{"start":{"line":20,"column":0},"end":{"line":20,"column":45}},"20":{"start":{"line":21,"column":0},"end":{"line":21,"column":5}},"21":{"start":{"line":22,"column":0},"end":{"line":22,"column":18}},"22":{"start":{"line":23,"column":0},"end":{"line":23,"column":36}},"23":{"start":{"line":24,"column":0},"end":{"line":24,"column":58}},"24":{"start":{"line":25,"column":0},"end":{"line":25,"column":5}},"25":{"start":{"line":26,"column":0},"end":{"line":26,"column":2}},"27":{"start":{"line":28,"column":0},"end":{"line":28,"column":26}},"28":{"start":{"line":29,"column":0},"end":{"line":29,"column":61}},"29":{"start":{"line":30,"column":0},"end":{"line":30,"column":39}},"30":{"start":{"line":31,"column":0},"end":{"line":31,"column":39}},"31":{"start":{"line":32,"column":0},"end":{"line":32,"column":41}},"32":{"start":{"line":33,"column":0},"end":{"line":33,"column":36}},"33":{"start":{"line":34,"column":0},"end":{"line":34,"column":2}},"36":{"start":{"line":37,"column":0},"end":{"line":37,"column":33}},"37":{"start":{"line":38,"column":0},"end":{"line":38,"column":56}},"38":{"start":{"line":39,"column":0},"end":{"line":39,"column":56}},"39":{"start":{"line":40,"column":0},"end":{"line":40,"column":56}},"40":{"start":{"line":41,"column":0},"end":{"line":41,"column":56}},"42":{"start":{"line":43,"column":0},"end":{"line":43,"column":67}},"43":{"start":{"line":44,"column":0},"end":{"line":44,"column":5}},"44":{"start":{"line":45,"column":0},"end":{"line":45,"column":61}},"45":{"start":{"line":46,"column":0},"end":{"line":46,"column":41}},"46":{"start":{"line":47,"column":0},"end":{"line":47,"column":5}},"47":{"start":{"line":48,"column":0},"end":{"line":48,"column":2}},"50":{"start":{"line":51,"column":0},"end":{"line":51,"column":33}},"51":{"start":{"line":52,"column":0},"end":{"line":52,"column":21}},"52":{"start":{"line":53,"column":0},"end":{"line":53,"column":15}},"53":{"start":{"line":54,"column":0},"end":{"line":54,"column":2}}},"s":{"1":1,"2":1,"3":1,"5":1,"6":1,"7":5,"8":5,"9":1,"10":22,"11":22,"12":22,"13":22,"14":22,"15":22,"16":1,"17":5,"18":5,"19":5,"20":5,"21":1,"22":3,"23":3,"24":3,"25":1,"27":1,"28":1,"29":1,"30":1,"31":1,"32":1,"33":1,"36":1,"37":31,"38":31,"39":31,"40":31,"42":31,"43":155,"44":155,"45":155,"46":31,"47":31,"50":1,"51":31,"52":31,"53":31},"branchMap":{"0":{"type":"branch","line":7,"loc":{"start":{"line":7,"column":10},"end":{"line":9,"column":5}},"locations":[{"start":{"line":7,"column":10},"end":{"line":9,"column":5}}]},"1":{"type":"branch","line":10,"loc":{"start":{"line":10,"column":10},"end":{"line":16,"column":5}},"locations":[{"start":{"line":10,"column":10},"end":{"line":16,"column":5}}]},"2":{"type":"branch","line":17,"loc":{"start":{"line":17,"column":10},"end":{"line":21,"column":5}},"locations":[{"start":{"line":17,"column":10},"end":{"line":21,"column":5}}]},"3":{"type":"branch","line":22,"loc":{"start":{"line":22,"column":10},"end":{"line":25,"column":5}},"locations":[{"start":{"line":22,"column":10},"end":{"line":25,"column":5}}]},"4":{"type":"branch","line":37,"loc":{"start":{"line":37,"column":26},"end":{"line":48,"column":2}},"locations":[{"start":{"line":37,"column":26},"end":{"line":48,"column":2}}]},"5":{"type":"branch","line":43,"loc":{"start":{"line":43,"column":36},"end":{"line":47,"column":3}},"locations":[{"start":{"line":43,"column":36},"end":{"line":47,"column":3}}]},"6":{"type":"branch","line":51,"loc":{"start":{"line":51,"column":26},"end":{"line":54,"column":2}},"locations":[{"start":{"line":51,"column":26},"end":{"line":54,"column":2}}]}},"b":{"0":[5],"1":[22],"2":[5],"3":[3],"4":[31],"5":[155],"6":[31]},"fnMap":{"0":{"name":"insert","decl":{"start":{"line":7,"column":10},"end":{"line":9,"column":5}},"loc":{"start":{"line":7,"column":10},"end":{"line":9,"column":5}},"line":7},"1":{"name":"select","decl":{"start":{"line":10,"column":10},"end":{"line":16,"column":5}},"loc":{"start":{"line":10,"column":10},"end":{"line":16,"column":5}},"line":10},"2":{"name":"update","decl":{"start":{"line":17,"column":10},"end":{"line":21,"column":5}},"loc":{"start":{"line":17,"column":10},"end":{"line":21,"column":5}},"line":17},"3":{"name":"delete","decl":{"start":{"line":22,"column":10},"end":{"line":25,"column":5}},"loc":{"start":{"line":22,"column":10},"end":{"line":25,"column":5}},"line":22},"4":{"name":"setupMocks","decl":{"start":{"line":37,"column":26},"end":{"line":48,"column":2}},"loc":{"start":{"line":37,"column":26},"end":{"line":48,"column":2}},"line":37},"5":{"name":"resetMocks","decl":{"start":{"line":51,"column":26},"end":{"line":54,"column":2}},"loc":{"start":{"line":51,"column":26},"end":{"line":54,"column":2}},"line":51}},"f":{"0":5,"1":22,"2":5,"3":3,"4":31,"5":31}}
,"/Users/dean/Desktop/work/ecom/src/test/mocks/express.ts": {"path":"/Users/dean/Desktop/work/ecom/src/test/mocks/express.ts","all":false,"statementMap":{"1":{"start":{"line":2,"column":0},"end":{"line":2,"column":28}},"14":{"start":{"line":15,"column":0},"end":{"line":15,"column":75}},"15":{"start":{"line":16,"column":0},"end":{"line":16,"column":24}},"16":{"start":{"line":17,"column":0},"end":{"line":17,"column":51}},"17":{"start":{"line":18,"column":0},"end":{"line":18,"column":65}},"18":{"start":{"line":19,"column":0},"end":{"line":19,"column":39}},"19":{"start":{"line":20,"column":0},"end":{"line":20,"column":5}},"20":{"start":{"line":21,"column":0},"end":{"line":21,"column":41}},"21":{"start":{"line":22,"column":0},"end":{"line":22,"column":3}},"23":{"start":{"line":24,"column":0},"end":{"line":24,"column":10}},"24":{"start":{"line":25,"column":0},"end":{"line":25,"column":49}},"25":{"start":{"line":26,"column":0},"end":{"line":26,"column":79}},"26":{"start":{"line":27,"column":0},"end":{"line":27,"column":2}},"44":{"start":{"line":45,"column":0},"end":{"line":45,"column":45}},"45":{"start":{"line":46,"column":0},"end":{"line":46,"column":45}},"48":{"start":{"line":49,"column":0},"end":{"line":49,"column":44}},"51":{"start":{"line":52,"column":0},"end":{"line":52,"column":42}},"52":{"start":{"line":53,"column":0},"end":{"line":53,"column":42}},"55":{"start":{"line":56,"column":0},"end":{"line":56,"column":33}},"56":{"start":{"line":57,"column":0},"end":{"line":57,"column":31}},"57":{"start":{"line":58,"column":0},"end":{"line":58,"column":31}},"63":{"start":{"line":64,"column":0},"end":{"line":64,"column":69}},"64":{"start":{"line":65,"column":0},"end":{"line":65,"column":2}}},"s":{"1":1,"14":1,"15":35,"16":12,"17":12,"18":31,"19":31,"20":12,"21":12,"23":35,"24":35,"25":35,"26":35,"44":1,"45":35,"48":35,"51":35,"52":35,"55":35,"56":35,"57":35,"63":35,"64":35},"branchMap":{"0":{"type":"branch","line":15,"loc":{"start":{"line":15,"column":27},"end":{"line":27,"column":2}},"locations":[{"start":{"line":15,"column":27},"end":{"line":27,"column":2}}]},"1":{"type":"branch","line":16,"loc":{"start":{"line":16,"column":23},"end":{"line":22,"column":3}},"locations":[{"start":{"line":16,"column":23},"end":{"line":22,"column":3}}]},"2":{"type":"branch","line":18,"loc":{"start":{"line":18,"column":64},"end":{"line":20,"column":5}},"locations":[{"start":{"line":18,"column":64},"end":{"line":20,"column":5}}]},"3":{"type":"branch","line":45,"loc":{"start":{"line":45,"column":28},"end":{"line":65,"column":2}},"locations":[{"start":{"line":45,"column":28},"end":{"line":65,"column":2}}]}},"b":{"0":[35],"1":[12],"2":[31],"3":[35]},"fnMap":{"0":{"name":"mockRequest","decl":{"start":{"line":15,"column":27},"end":{"line":27,"column":2}},"loc":{"start":{"line":15,"column":27},"end":{"line":27,"column":2}},"line":15},"1":{"name":"mockResponse","decl":{"start":{"line":45,"column":28},"end":{"line":65,"column":2}},"loc":{"start":{"line":45,"column":28},"end":{"line":65,"column":2}},"line":45}},"f":{"0":35,"1":35}}
,"/Users/dean/Desktop/work/ecom/src/utils/config.ts": {"path":"/Users/dean/Desktop/work/ecom/src/utils/config.ts","all":false,"statementMap":{"2":{"start":{"line":3,"column":0},"end":{"line":3,"column":23}},"3":{"start":{"line":4,"column":0},"end":{"line":4,"column":47}},"4":{"start":{"line":5,"column":0},"end":{"line":5,"column":64}},"5":{"start":{"line":6,"column":0},"end":{"line":6,"column":53}},"6":{"start":{"line":7,"column":0},"end":{"line":7,"column":51}},"7":{"start":{"line":8,"column":0},"end":{"line":8,"column":51}},"8":{"start":{"line":9,"column":0},"end":{"line":9,"column":46}},"9":{"start":{"line":10,"column":0},"end":{"line":10,"column":45}},"10":{"start":{"line":11,"column":0},"end":{"line":11,"column":2}},"12":{"start":{"line":13,"column":0},"end":{"line":13,"column":24}},"13":{"start":{"line":14,"column":0},"end":{"line":14,"column":26}},"15":{"start":{"line":16,"column":0},"end":{"line":16,"column":2}},"17":{"start":{"line":18,"column":0},"end":{"line":18,"column":41}},"18":{"start":{"line":19,"column":0},"end":{"line":19,"column":33}},"19":{"start":{"line":20,"column":0},"end":{"line":20,"column":59}},"20":{"start":{"line":21,"column":0},"end":{"line":21,"column":21}},"21":{"start":{"line":22,"column":0},"end":{"line":22,"column":12}},"22":{"start":{"line":23,"column":0},"end":{"line":23,"column":43}},"23":{"start":{"line":24,"column":0},"end":{"line":24,"column":5}},"24":{"start":{"line":25,"column":0},"end":{"line":25,"column":4}},"25":{"start":{"line":26,"column":0},"end":{"line":26,"column":44}},"26":{"start":{"line":27,"column":0},"end":{"line":27,"column":20}},"27":{"start":{"line":28,"column":0},"end":{"line":28,"column":47}},"28":{"start":{"line":29,"column":0},"end":{"line":29,"column":16}},"29":{"start":{"line":30,"column":0},"end":{"line":30,"column":2}}},"s":{"2":1,"3":1,"4":1,"5":1,"6":1,"7":1,"8":1,"9":1,"10":1,"12":1,"13":1,"15":1,"17":1,"18":1,"19":0,"20":0,"21":0,"22":0,"23":0,"24":0,"25":1,"26":1,"27":1,"28":1,"29":1},"branchMap":{},"b":{},"fnMap":{"0":{"name":"origin","decl":{"start":{"line":19,"column":10},"end":{"line":25,"column":4}},"loc":{"start":{"line":19,"column":10},"end":{"line":25,"column":4}},"line":19}},"f":{"0":0}}
}
