{"/Users/dean/Desktop/work/ecom/drizzle.config.ts": {"path":"/Users/dean/Desktop/work/ecom/drizzle.config.ts","all":true,"statementMap":{"0":{"start":{"line":1,"column":0},"end":{"line":1,"column":23}},"1":{"start":{"line":2,"column":0},"end":{"line":2,"column":43}},"2":{"start":{"line":3,"column":0},"end":{"line":3,"column":46}},"4":{"start":{"line":5,"column":0},"end":{"line":5,"column":29}},"5":{"start":{"line":6,"column":0},"end":{"line":6,"column":19}},"6":{"start":{"line":7,"column":0},"end":{"line":7,"column":31}},"7":{"start":{"line":8,"column":0},"end":{"line":8,"column":24}},"8":{"start":{"line":9,"column":0},"end":{"line":9,"column":40}},"9":{"start":{"line":10,"column":0},"end":{"line":10,"column":3}}},"s":{"0":0,"1":0,"2":0,"4":0,"5":0,"6":0,"7":0,"8":0,"9":0},"branchMap":{"0":{"type":"branch","line":1,"loc":{"start":{"line":1,"column":267},"end":{"line":10,"column":3}},"locations":[{"start":{"line":1,"column":267},"end":{"line":10,"column":3}}]}},"b":{"0":[0]},"fnMap":{"0":{"name":"(empty-report)","decl":{"start":{"line":1,"column":267},"end":{"line":10,"column":3}},"loc":{"start":{"line":1,"column":267},"end":{"line":10,"column":3}},"line":1}},"f":{"0":0}}
,"/Users/dean/Desktop/work/ecom/src/index.ts": {"path":"/Users/dean/Desktop/work/ecom/src/index.ts","all":true,"statementMap":{"0":{"start":{"line":1,"column":0},"end":{"line":1,"column":23}},"1":{"start":{"line":2,"column":0},"end":{"line":2,"column":30}},"2":{"start":{"line":3,"column":0},"end":{"line":3,"column":24}},"3":{"start":{"line":4,"column":0},"end":{"line":4,"column":32}},"4":{"start":{"line":5,"column":0},"end":{"line":5,"column":45}},"5":{"start":{"line":6,"column":0},"end":{"line":6,"column":41}},"6":{"start":{"line":7,"column":0},"end":{"line":7,"column":48}},"7":{"start":{"line":8,"column":0},"end":{"line":8,"column":41}},"9":{"start":{"line":10,"column":0},"end":{"line":10,"column":22}},"10":{"start":{"line":11,"column":0},"end":{"line":11,"column":38}},"12":{"start":{"line":13,"column":0},"end":{"line":13,"column":24}},"13":{"start":{"line":14,"column":0},"end":{"line":14,"column":27}},"15":{"start":{"line":16,"column":0},"end":{"line":16,"column":34}},"16":{"start":{"line":17,"column":0},"end":{"line":17,"column":24}},"17":{"start":{"line":18,"column":0},"end":{"line":18,"column":17}},"18":{"start":{"line":19,"column":0},"end":{"line":19,"column":64}},"19":{"start":{"line":20,"column":0},"end":{"line":20,"column":40}},"20":{"start":{"line":21,"column":0},"end":{"line":21,"column":5}},"21":{"start":{"line":22,"column":0},"end":{"line":22,"column":3}},"23":{"start":{"line":24,"column":0},"end":{"line":24,"column":43}},"24":{"start":{"line":25,"column":0},"end":{"line":25,"column":36}},"26":{"start":{"line":27,"column":0},"end":{"line":27,"column":30}},"27":{"start":{"line":28,"column":0},"end":{"line":28,"column":7}},"29":{"start":{"line":30,"column":0},"end":{"line":30,"column":99}},"30":{"start":{"line":31,"column":0},"end":{"line":31,"column":51}},"32":{"start":{"line":33,"column":0},"end":{"line":33,"column":21}},"33":{"start":{"line":34,"column":0},"end":{"line":34,"column":67}},"34":{"start":{"line":35,"column":0},"end":{"line":35,"column":17}},"35":{"start":{"line":36,"column":0},"end":{"line":36,"column":48}},"38":{"start":{"line":39,"column":0},"end":{"line":39,"column":28}},"39":{"start":{"line":40,"column":0},"end":{"line":40,"column":67}},"40":{"start":{"line":41,"column":0},"end":{"line":41,"column":7}},"41":{"start":{"line":42,"column":0},"end":{"line":42,"column":17}},"42":{"start":{"line":43,"column":0},"end":{"line":43,"column":49}},"43":{"start":{"line":44,"column":0},"end":{"line":44,"column":3}},"44":{"start":{"line":45,"column":0},"end":{"line":45,"column":1}},"46":{"start":{"line":47,"column":0},"end":{"line":47,"column":14}}},"s":{"0":0,"1":0,"2":0,"3":0,"4":0,"5":0,"6":0,"7":0,"9":0,"10":0,"12":0,"13":0,"15":0,"16":0,"17":0,"18":0,"19":0,"20":0,"21":0,"23":0,"24":0,"26":0,"27":0,"29":0,"30":0,"32":0,"33":0,"34":0,"35":0,"38":0,"39":0,"40":0,"41":0,"42":0,"43":0,"44":0,"46":0},"branchMap":{"0":{"type":"branch","line":1,"loc":{"start":{"line":1,"column":0},"end":{"line":47,"column":-668}},"locations":[{"start":{"line":1,"column":0},"end":{"line":47,"column":-668}}]}},"b":{"0":[0]},"fnMap":{"0":{"name":"(empty-report)","decl":{"start":{"line":1,"column":0},"end":{"line":47,"column":-668}},"loc":{"start":{"line":1,"column":0},"end":{"line":47,"column":-668}},"line":1}},"f":{"0":0}}
,"/Users/dean/Desktop/work/ecom/src/controller/Cart.c.ts": {"path":"/Users/dean/Desktop/work/ecom/src/controller/Cart.c.ts","all":false,"statementMap":{"0":{"start":{"line":1,"column":0},"end":{"line":1,"column":46}},"2":{"start":{"line":3,"column":0},"end":{"line":3,"column":48}},"3":{"start":{"line":4,"column":0},"end":{"line":4,"column":27}},"4":{"start":{"line":5,"column":0},"end":{"line":5,"column":42}},"5":{"start":{"line":6,"column":0},"end":{"line":6,"column":41}},"7":{"start":{"line":8,"column":0},"end":{"line":8,"column":25}},"42":{"start":{"line":43,"column":0},"end":{"line":43,"column":55}},"43":{"start":{"line":44,"column":0},"end":{"line":44,"column":9}},"44":{"start":{"line":45,"column":0},"end":{"line":45,"column":75}},"46":{"start":{"line":47,"column":0},"end":{"line":47,"column":33}},"47":{"start":{"line":48,"column":0},"end":{"line":48,"column":18}},"48":{"start":{"line":49,"column":0},"end":{"line":49,"column":42}},"49":{"start":{"line":50,"column":0},"end":{"line":50,"column":67}},"50":{"start":{"line":51,"column":0},"end":{"line":51,"column":7}},"53":{"start":{"line":54,"column":0},"end":{"line":54,"column":32}},"54":{"start":{"line":55,"column":0},"end":{"line":55,"column":42}},"57":{"start":{"line":58,"column":0},"end":{"line":58,"column":24}},"58":{"start":{"line":59,"column":0},"end":{"line":59,"column":39}},"59":{"start":{"line":60,"column":0},"end":{"line":60,"column":22}},"60":{"start":{"line":61,"column":0},"end":{"line":61,"column":25}},"61":{"start":{"line":62,"column":0},"end":{"line":62,"column":30}},"62":{"start":{"line":63,"column":0},"end":{"line":63,"column":30}},"63":{"start":{"line":64,"column":0},"end":{"line":64,"column":32}},"64":{"start":{"line":65,"column":0},"end":{"line":65,"column":79}},"65":{"start":{"line":66,"column":0},"end":{"line":66,"column":32}},"66":{"start":{"line":67,"column":0},"end":{"line":67,"column":29}},"67":{"start":{"line":68,"column":0},"end":{"line":68,"column":8}},"70":{"start":{"line":71,"column":0},"end":{"line":71,"column":51}},"73":{"start":{"line":74,"column":0},"end":{"line":74,"column":29}},"74":{"start":{"line":75,"column":0},"end":{"line":75,"column":16}},"75":{"start":{"line":76,"column":0},"end":{"line":76,"column":29}},"76":{"start":{"line":77,"column":0},"end":{"line":77,"column":32}},"77":{"start":{"line":78,"column":0},"end":{"line":78,"column":8}},"80":{"start":{"line":81,"column":0},"end":{"line":81,"column":59}},"83":{"start":{"line":84,"column":0},"end":{"line":84,"column":41}},"84":{"start":{"line":85,"column":0},"end":{"line":85,"column":18}},"85":{"start":{"line":86,"column":0},"end":{"line":86,"column":22}},"86":{"start":{"line":87,"column":0},"end":{"line":87,"column":36}},"87":{"start":{"line":88,"column":0},"end":{"line":88,"column":41}},"88":{"start":{"line":89,"column":0},"end":{"line":89,"column":41}},"89":{"start":{"line":90,"column":0},"end":{"line":90,"column":32}},"90":{"start":{"line":91,"column":0},"end":{"line":91,"column":9}},"92":{"start":{"line":93,"column":0},"end":{"line":93,"column":9}},"93":{"start":{"line":94,"column":0},"end":{"line":94,"column":31}},"94":{"start":{"line":95,"column":0},"end":{"line":95,"column":63}},"95":{"start":{"line":96,"column":0},"end":{"line":96,"column":21}},"96":{"start":{"line":97,"column":0},"end":{"line":97,"column":57}},"97":{"start":{"line":98,"column":0},"end":{"line":98,"column":9}},"98":{"start":{"line":99,"column":0},"end":{"line":99,"column":50}},"99":{"start":{"line":100,"column":0},"end":{"line":100,"column":51}},"100":{"start":{"line":101,"column":0},"end":{"line":101,"column":5}},"101":{"start":{"line":102,"column":0},"end":{"line":102,"column":4}},"110":{"start":{"line":111,"column":0},"end":{"line":111,"column":61}},"111":{"start":{"line":112,"column":0},"end":{"line":112,"column":9}},"112":{"start":{"line":113,"column":0},"end":{"line":113,"column":36}},"119":{"start":{"line":120,"column":0},"end":{"line":120,"column":51}},"122":{"start":{"line":123,"column":0},"end":{"line":123,"column":59}},"123":{"start":{"line":124,"column":0},"end":{"line":124,"column":46}},"125":{"start":{"line":126,"column":0},"end":{"line":126,"column":66}},"126":{"start":{"line":127,"column":0},"end":{"line":127,"column":26}},"127":{"start":{"line":128,"column":0},"end":{"line":128,"column":10}},"128":{"start":{"line":129,"column":0},"end":{"line":129,"column":45}},"129":{"start":{"line":130,"column":0},"end":{"line":130,"column":46}},"130":{"start":{"line":131,"column":0},"end":{"line":131,"column":11}},"131":{"start":{"line":132,"column":0},"end":{"line":132,"column":10}},"132":{"start":{"line":133,"column":0},"end":{"line":133,"column":45}},"133":{"start":{"line":134,"column":0},"end":{"line":134,"column":49}},"134":{"start":{"line":135,"column":0},"end":{"line":135,"column":11}},"135":{"start":{"line":136,"column":0},"end":{"line":136,"column":10}},"137":{"start":{"line":138,"column":0},"end":{"line":138,"column":48}},"138":{"start":{"line":139,"column":0},"end":{"line":139,"column":54}},"139":{"start":{"line":140,"column":0},"end":{"line":140,"column":29}},"140":{"start":{"line":141,"column":0},"end":{"line":141,"column":27}},"141":{"start":{"line":142,"column":0},"end":{"line":142,"column":31}},"142":{"start":{"line":143,"column":0},"end":{"line":143,"column":11}},"143":{"start":{"line":144,"column":0},"end":{"line":144,"column":7}},"146":{"start":{"line":147,"column":0},"end":{"line":147,"column":30}},"147":{"start":{"line":148,"column":0},"end":{"line":148,"column":17}},"148":{"start":{"line":149,"column":0},"end":{"line":149,"column":24}},"149":{"start":{"line":150,"column":0},"end":{"line":150,"column":54}},"152":{"start":{"line":153,"column":0},"end":{"line":153,"column":35}},"153":{"start":{"line":154,"column":0},"end":{"line":154,"column":31}},"154":{"start":{"line":155,"column":0},"end":{"line":155,"column":18}},"155":{"start":{"line":156,"column":0},"end":{"line":156,"column":36}},"156":{"start":{"line":157,"column":0},"end":{"line":157,"column":30}},"157":{"start":{"line":158,"column":0},"end":{"line":158,"column":10}},"158":{"start":{"line":159,"column":0},"end":{"line":159,"column":7}},"161":{"start":{"line":162,"column":0},"end":{"line":162,"column":59}},"164":{"start":{"line":165,"column":0},"end":{"line":165,"column":39}},"165":{"start":{"line":166,"column":0},"end":{"line":166,"column":56}},"166":{"start":{"line":167,"column":0},"end":{"line":167,"column":9}},"167":{"start":{"line":168,"column":0},"end":{"line":168,"column":8}},"168":{"start":{"line":169,"column":0},"end":{"line":169,"column":39}},"169":{"start":{"line":170,"column":0},"end":{"line":170,"column":47}},"170":{"start":{"line":171,"column":0},"end":{"line":171,"column":9}},"171":{"start":{"line":172,"column":0},"end":{"line":172,"column":8}},"173":{"start":{"line":174,"column":0},"end":{"line":174,"column":39}},"174":{"start":{"line":175,"column":0},"end":{"line":175,"column":55}},"175":{"start":{"line":176,"column":0},"end":{"line":176,"column":23}},"176":{"start":{"line":177,"column":0},"end":{"line":177,"column":25}},"177":{"start":{"line":178,"column":0},"end":{"line":178,"column":29}},"178":{"start":{"line":179,"column":0},"end":{"line":179,"column":9}},"179":{"start":{"line":180,"column":0},"end":{"line":180,"column":21}},"180":{"start":{"line":181,"column":0},"end":{"line":181,"column":59}},"181":{"start":{"line":182,"column":0},"end":{"line":182,"column":9}},"182":{"start":{"line":183,"column":0},"end":{"line":183,"column":50}},"183":{"start":{"line":184,"column":0},"end":{"line":184,"column":51}},"184":{"start":{"line":185,"column":0},"end":{"line":185,"column":5}},"185":{"start":{"line":186,"column":0},"end":{"line":186,"column":4}},"222":{"start":{"line":223,"column":0},"end":{"line":223,"column":58}},"223":{"start":{"line":224,"column":0},"end":{"line":224,"column":9}},"224":{"start":{"line":225,"column":0},"end":{"line":225,"column":34}},"225":{"start":{"line":226,"column":0},"end":{"line":226,"column":39}},"226":{"start":{"line":227,"column":0},"end":{"line":227,"column":36}},"228":{"start":{"line":229,"column":0},"end":{"line":229,"column":68}},"229":{"start":{"line":230,"column":0},"end":{"line":230,"column":57}},"230":{"start":{"line":231,"column":0},"end":{"line":231,"column":69}},"231":{"start":{"line":232,"column":0},"end":{"line":232,"column":11}},"232":{"start":{"line":233,"column":0},"end":{"line":233,"column":7}},"234":{"start":{"line":235,"column":0},"end":{"line":235,"column":51}},"237":{"start":{"line":238,"column":0},"end":{"line":238,"column":70}},"239":{"start":{"line":240,"column":0},"end":{"line":240,"column":26}},"240":{"start":{"line":241,"column":0},"end":{"line":241,"column":18}},"241":{"start":{"line":242,"column":0},"end":{"line":242,"column":40}},"242":{"start":{"line":243,"column":0},"end":{"line":243,"column":59}},"243":{"start":{"line":244,"column":0},"end":{"line":244,"column":7}},"245":{"start":{"line":246,"column":0},"end":{"line":246,"column":48}},"248":{"start":{"line":249,"column":0},"end":{"line":249,"column":58}},"249":{"start":{"line":250,"column":0},"end":{"line":250,"column":35}},"250":{"start":{"line":251,"column":0},"end":{"line":251,"column":63}},"251":{"start":{"line":252,"column":0},"end":{"line":252,"column":8}},"254":{"start":{"line":255,"column":0},"end":{"line":255,"column":42}},"256":{"start":{"line":257,"column":0},"end":{"line":257,"column":35}},"257":{"start":{"line":258,"column":0},"end":{"line":258,"column":25}},"258":{"start":{"line":259,"column":0},"end":{"line":259,"column":42}},"259":{"start":{"line":260,"column":0},"end":{"line":260,"column":25}},"262":{"start":{"line":263,"column":0},"end":{"line":263,"column":31}},"264":{"start":{"line":265,"column":0},"end":{"line":265,"column":53}},"267":{"start":{"line":268,"column":0},"end":{"line":268,"column":18}},"268":{"start":{"line":269,"column":0},"end":{"line":269,"column":30}},"269":{"start":{"line":270,"column":0},"end":{"line":270,"column":19}},"270":{"start":{"line":271,"column":0},"end":{"line":271,"column":18}},"271":{"start":{"line":272,"column":0},"end":{"line":272,"column":54}},"272":{"start":{"line":273,"column":0},"end":{"line":273,"column":60}},"273":{"start":{"line":274,"column":0},"end":{"line":274,"column":15}},"274":{"start":{"line":275,"column":0},"end":{"line":275,"column":14}},"276":{"start":{"line":277,"column":0},"end":{"line":277,"column":50}},"277":{"start":{"line":278,"column":0},"end":{"line":278,"column":47}},"278":{"start":{"line":279,"column":0},"end":{"line":279,"column":43}},"279":{"start":{"line":280,"column":0},"end":{"line":280,"column":30}},"280":{"start":{"line":281,"column":0},"end":{"line":281,"column":13}},"281":{"start":{"line":282,"column":0},"end":{"line":282,"column":9}},"282":{"start":{"line":283,"column":0},"end":{"line":283,"column":7}},"285":{"start":{"line":286,"column":0},"end":{"line":286,"column":52}},"288":{"start":{"line":289,"column":0},"end":{"line":289,"column":31}},"289":{"start":{"line":290,"column":0},"end":{"line":290,"column":20}},"290":{"start":{"line":291,"column":0},"end":{"line":291,"column":30}},"291":{"start":{"line":292,"column":0},"end":{"line":292,"column":29}},"292":{"start":{"line":293,"column":0},"end":{"line":293,"column":8}},"294":{"start":{"line":295,"column":0},"end":{"line":295,"column":29}},"295":{"start":{"line":296,"column":0},"end":{"line":296,"column":16}},"296":{"start":{"line":297,"column":0},"end":{"line":297,"column":18}},"297":{"start":{"line":298,"column":0},"end":{"line":298,"column":39}},"298":{"start":{"line":299,"column":0},"end":{"line":299,"column":8}},"300":{"start":{"line":301,"column":0},"end":{"line":301,"column":61}},"303":{"start":{"line":304,"column":0},"end":{"line":304,"column":14}},"304":{"start":{"line":305,"column":0},"end":{"line":305,"column":26}},"305":{"start":{"line":306,"column":0},"end":{"line":306,"column":14}},"306":{"start":{"line":307,"column":0},"end":{"line":307,"column":32}},"307":{"start":{"line":308,"column":0},"end":{"line":308,"column":42}},"308":{"start":{"line":309,"column":0},"end":{"line":309,"column":10}},"309":{"start":{"line":310,"column":0},"end":{"line":310,"column":15}},"310":{"start":{"line":311,"column":0},"end":{"line":311,"column":14}},"311":{"start":{"line":312,"column":0},"end":{"line":312,"column":50}},"312":{"start":{"line":313,"column":0},"end":{"line":313,"column":56}},"313":{"start":{"line":314,"column":0},"end":{"line":314,"column":11}},"314":{"start":{"line":315,"column":0},"end":{"line":315,"column":10}},"316":{"start":{"line":317,"column":0},"end":{"line":317,"column":39}},"317":{"start":{"line":318,"column":0},"end":{"line":318,"column":47}},"318":{"start":{"line":319,"column":0},"end":{"line":319,"column":39}},"319":{"start":{"line":320,"column":0},"end":{"line":320,"column":20}},"320":{"start":{"line":321,"column":0},"end":{"line":321,"column":22}},"321":{"start":{"line":322,"column":0},"end":{"line":322,"column":26}},"322":{"start":{"line":323,"column":0},"end":{"line":323,"column":9}},"323":{"start":{"line":324,"column":0},"end":{"line":324,"column":21}},"324":{"start":{"line":325,"column":0},"end":{"line":325,"column":65}},"325":{"start":{"line":326,"column":0},"end":{"line":326,"column":9}},"326":{"start":{"line":327,"column":0},"end":{"line":327,"column":50}},"327":{"start":{"line":328,"column":0},"end":{"line":328,"column":65}},"328":{"start":{"line":329,"column":0},"end":{"line":329,"column":5}},"329":{"start":{"line":330,"column":0},"end":{"line":330,"column":4}},"338":{"start":{"line":339,"column":0},"end":{"line":339,"column":58}},"339":{"start":{"line":340,"column":0},"end":{"line":340,"column":9}},"340":{"start":{"line":341,"column":0},"end":{"line":341,"column":39}},"341":{"start":{"line":342,"column":0},"end":{"line":342,"column":36}},"343":{"start":{"line":344,"column":0},"end":{"line":344,"column":51}},"346":{"start":{"line":347,"column":0},"end":{"line":347,"column":49}},"349":{"start":{"line":350,"column":0},"end":{"line":350,"column":14}},"350":{"start":{"line":351,"column":0},"end":{"line":351,"column":26}},"351":{"start":{"line":352,"column":0},"end":{"line":352,"column":15}},"352":{"start":{"line":353,"column":0},"end":{"line":353,"column":14}},"353":{"start":{"line":354,"column":0},"end":{"line":354,"column":50}},"354":{"start":{"line":355,"column":0},"end":{"line":355,"column":56}},"355":{"start":{"line":356,"column":0},"end":{"line":356,"column":11}},"356":{"start":{"line":357,"column":0},"end":{"line":357,"column":10}},"358":{"start":{"line":359,"column":0},"end":{"line":359,"column":73}},"359":{"start":{"line":360,"column":0},"end":{"line":360,"column":21}},"360":{"start":{"line":361,"column":0},"end":{"line":361,"column":56}},"361":{"start":{"line":362,"column":0},"end":{"line":362,"column":9}},"362":{"start":{"line":363,"column":0},"end":{"line":363,"column":50}},"363":{"start":{"line":364,"column":0},"end":{"line":364,"column":51}},"364":{"start":{"line":365,"column":0},"end":{"line":365,"column":5}},"365":{"start":{"line":366,"column":0},"end":{"line":366,"column":4}},"390":{"start":{"line":391,"column":0},"end":{"line":391,"column":53}},"391":{"start":{"line":392,"column":0},"end":{"line":392,"column":9}},"392":{"start":{"line":393,"column":0},"end":{"line":393,"column":36}},"399":{"start":{"line":400,"column":0},"end":{"line":400,"column":51}},"402":{"start":{"line":403,"column":0},"end":{"line":403,"column":37}},"405":{"start":{"line":406,"column":0},"end":{"line":406,"column":78}},"407":{"start":{"line":408,"column":0},"end":{"line":408,"column":9}},"408":{"start":{"line":409,"column":0},"end":{"line":409,"column":31}},"409":{"start":{"line":410,"column":0},"end":{"line":410,"column":57}},"410":{"start":{"line":411,"column":0},"end":{"line":411,"column":21}},"411":{"start":{"line":412,"column":0},"end":{"line":412,"column":49}},"412":{"start":{"line":413,"column":0},"end":{"line":413,"column":9}},"413":{"start":{"line":414,"column":0},"end":{"line":414,"column":50}},"414":{"start":{"line":415,"column":0},"end":{"line":415,"column":51}},"415":{"start":{"line":416,"column":0},"end":{"line":416,"column":5}},"416":{"start":{"line":417,"column":0},"end":{"line":417,"column":4}},"462":{"start":{"line":463,"column":0},"end":{"line":463,"column":56}},"463":{"start":{"line":464,"column":0},"end":{"line":464,"column":9}},"464":{"start":{"line":465,"column":0},"end":{"line":465,"column":36}},"471":{"start":{"line":472,"column":0},"end":{"line":472,"column":51}},"474":{"start":{"line":475,"column":0},"end":{"line":475,"column":59}},"477":{"start":{"line":478,"column":0},"end":{"line":478,"column":20}},"478":{"start":{"line":479,"column":0},"end":{"line":479,"column":24}},"480":{"start":{"line":481,"column":0},"end":{"line":481,"column":46}},"481":{"start":{"line":482,"column":0},"end":{"line":482,"column":52}},"482":{"start":{"line":483,"column":0},"end":{"line":483,"column":44}},"483":{"start":{"line":484,"column":0},"end":{"line":484,"column":34}},"484":{"start":{"line":485,"column":0},"end":{"line":485,"column":41}},"485":{"start":{"line":486,"column":0},"end":{"line":486,"column":11}},"486":{"start":{"line":487,"column":0},"end":{"line":487,"column":14}},"488":{"start":{"line":489,"column":0},"end":{"line":489,"column":32}},"489":{"start":{"line":490,"column":0},"end":{"line":490,"column":19}},"490":{"start":{"line":491,"column":0},"end":{"line":491,"column":26}},"491":{"start":{"line":492,"column":0},"end":{"line":492,"column":56}},"493":{"start":{"line":494,"column":0},"end":{"line":494,"column":35}},"494":{"start":{"line":495,"column":0},"end":{"line":495,"column":42}},"495":{"start":{"line":496,"column":0},"end":{"line":496,"column":37}},"496":{"start":{"line":497,"column":0},"end":{"line":497,"column":11}},"497":{"start":{"line":498,"column":0},"end":{"line":498,"column":7}},"499":{"start":{"line":500,"column":0},"end":{"line":500,"column":39}},"500":{"start":{"line":501,"column":0},"end":{"line":501,"column":42}},"501":{"start":{"line":502,"column":0},"end":{"line":502,"column":14}},"502":{"start":{"line":503,"column":0},"end":{"line":503,"column":18}},"503":{"start":{"line":504,"column":0},"end":{"line":504,"column":9}},"504":{"start":{"line":505,"column":0},"end":{"line":505,"column":21}},"505":{"start":{"line":506,"column":0},"end":{"line":506,"column":60}},"506":{"start":{"line":507,"column":0},"end":{"line":507,"column":9}},"507":{"start":{"line":508,"column":0},"end":{"line":508,"column":50}},"508":{"start":{"line":509,"column":0},"end":{"line":509,"column":51}},"509":{"start":{"line":510,"column":0},"end":{"line":510,"column":5}},"510":{"start":{"line":511,"column":0},"end":{"line":511,"column":4}},"575":{"start":{"line":576,"column":0},"end":{"line":576,"column":54}},"576":{"start":{"line":577,"column":0},"end":{"line":577,"column":9}},"577":{"start":{"line":578,"column":0},"end":{"line":578,"column":35}},"579":{"start":{"line":580,"column":0},"end":{"line":580,"column":21}},"580":{"start":{"line":581,"column":0},"end":{"line":581,"column":18}},"581":{"start":{"line":582,"column":0},"end":{"line":582,"column":42}},"582":{"start":{"line":583,"column":0},"end":{"line":583,"column":53}},"583":{"start":{"line":584,"column":0},"end":{"line":584,"column":7}},"585":{"start":{"line":586,"column":0},"end":{"line":586,"column":40}},"586":{"start":{"line":587,"column":0},"end":{"line":587,"column":44}},"589":{"start":{"line":590,"column":0},"end":{"line":590,"column":65}},"591":{"start":{"line":592,"column":0},"end":{"line":592,"column":49}},"592":{"start":{"line":593,"column":0},"end":{"line":593,"column":18}},"593":{"start":{"line":594,"column":0},"end":{"line":594,"column":33}},"594":{"start":{"line":595,"column":0},"end":{"line":595,"column":50}},"595":{"start":{"line":596,"column":0},"end":{"line":596,"column":7}},"598":{"start":{"line":599,"column":0},"end":{"line":599,"column":63}},"601":{"start":{"line":602,"column":0},"end":{"line":602,"column":71}},"602":{"start":{"line":603,"column":0},"end":{"line":603,"column":47}},"604":{"start":{"line":605,"column":0},"end":{"line":605,"column":35}},"606":{"start":{"line":607,"column":0},"end":{"line":607,"column":60}},"607":{"start":{"line":608,"column":0},"end":{"line":608,"column":69}},"608":{"start":{"line":609,"column":0},"end":{"line":609,"column":60}},"611":{"start":{"line":612,"column":0},"end":{"line":612,"column":33}},"612":{"start":{"line":613,"column":0},"end":{"line":613,"column":24}},"613":{"start":{"line":614,"column":0},"end":{"line":614,"column":22}},"614":{"start":{"line":615,"column":0},"end":{"line":615,"column":28}},"615":{"start":{"line":616,"column":0},"end":{"line":616,"column":26}},"616":{"start":{"line":617,"column":0},"end":{"line":617,"column":36}},"617":{"start":{"line":618,"column":0},"end":{"line":618,"column":30}},"618":{"start":{"line":619,"column":0},"end":{"line":619,"column":14}},"619":{"start":{"line":620,"column":0},"end":{"line":620,"column":12}},"622":{"start":{"line":623,"column":0},"end":{"line":623,"column":18}},"623":{"start":{"line":624,"column":0},"end":{"line":624,"column":30}},"624":{"start":{"line":625,"column":0},"end":{"line":625,"column":18}},"625":{"start":{"line":626,"column":0},"end":{"line":626,"column":36}},"626":{"start":{"line":627,"column":0},"end":{"line":627,"column":41}},"627":{"start":{"line":628,"column":0},"end":{"line":628,"column":14}},"628":{"start":{"line":629,"column":0},"end":{"line":629,"column":19}},"629":{"start":{"line":630,"column":0},"end":{"line":630,"column":18}},"630":{"start":{"line":631,"column":0},"end":{"line":631,"column":54}},"631":{"start":{"line":632,"column":0},"end":{"line":632,"column":60}},"632":{"start":{"line":633,"column":0},"end":{"line":633,"column":15}},"633":{"start":{"line":634,"column":0},"end":{"line":634,"column":14}},"634":{"start":{"line":635,"column":0},"end":{"line":635,"column":16}},"636":{"start":{"line":637,"column":0},"end":{"line":637,"column":67}},"639":{"start":{"line":640,"column":0},"end":{"line":640,"column":18}},"640":{"start":{"line":641,"column":0},"end":{"line":641,"column":30}},"641":{"start":{"line":642,"column":0},"end":{"line":642,"column":18}},"642":{"start":{"line":643,"column":0},"end":{"line":643,"column":30}},"643":{"start":{"line":644,"column":0},"end":{"line":644,"column":14}},"644":{"start":{"line":645,"column":0},"end":{"line":645,"column":19}},"645":{"start":{"line":646,"column":0},"end":{"line":646,"column":18}},"646":{"start":{"line":647,"column":0},"end":{"line":647,"column":41}},"647":{"start":{"line":648,"column":0},"end":{"line":648,"column":60}},"648":{"start":{"line":649,"column":0},"end":{"line":649,"column":15}},"649":{"start":{"line":650,"column":0},"end":{"line":650,"column":14}},"650":{"start":{"line":651,"column":0},"end":{"line":651,"column":9}},"651":{"start":{"line":652,"column":0},"end":{"line":652,"column":7}},"654":{"start":{"line":655,"column":0},"end":{"line":655,"column":42}},"656":{"start":{"line":657,"column":0},"end":{"line":657,"column":80}},"657":{"start":{"line":658,"column":0},"end":{"line":658,"column":21}},"658":{"start":{"line":659,"column":0},"end":{"line":659,"column":51}},"659":{"start":{"line":660,"column":0},"end":{"line":660,"column":9}},"660":{"start":{"line":661,"column":0},"end":{"line":661,"column":50}},"661":{"start":{"line":662,"column":0},"end":{"line":662,"column":51}},"662":{"start":{"line":663,"column":0},"end":{"line":663,"column":5}},"663":{"start":{"line":664,"column":0},"end":{"line":664,"column":4}},"664":{"start":{"line":665,"column":0},"end":{"line":665,"column":2}}},"s":{"0":1,"2":1,"3":1,"4":1,"5":1,"7":1,"42":1,"43":2,"44":2,"46":2,"47":1,"48":1,"49":1,"50":1,"53":2,"54":2,"57":2,"58":2,"59":2,"60":2,"61":2,"62":2,"63":1,"64":0,"65":2,"66":2,"67":2,"70":2,"73":2,"74":2,"75":2,"76":2,"77":2,"80":1,"83":1,"84":1,"85":1,"86":1,"87":1,"88":1,"89":2,"90":2,"92":1,"93":1,"94":1,"95":2,"96":0,"97":0,"98":0,"99":0,"100":0,"101":2,"110":1,"111":2,"112":2,"119":2,"122":2,"123":2,"125":1,"126":1,"127":1,"128":1,"129":1,"130":1,"131":1,"132":1,"133":1,"134":1,"135":1,"137":1,"138":1,"139":1,"140":1,"141":1,"142":1,"143":1,"146":1,"147":1,"148":1,"149":1,"152":1,"153":1,"154":1,"155":1,"156":1,"157":1,"158":1,"161":1,"164":1,"165":1,"166":1,"167":1,"168":1,"169":1,"170":1,"171":1,"173":1,"174":1,"175":1,"176":1,"177":1,"178":1,"179":2,"180":0,"181":0,"182":0,"183":0,"184":0,"185":2,"222":1,"223":2,"224":2,"225":2,"226":2,"228":2,"229":0,"230":0,"231":0,"232":0,"234":2,"237":2,"239":2,"240":0,"241":0,"242":0,"243":0,"245":2,"248":2,"249":2,"250":2,"251":2,"254":2,"256":2,"257":1,"258":1,"259":1,"262":1,"264":1,"267":1,"268":1,"269":1,"270":1,"271":1,"272":1,"273":1,"274":1,"276":1,"277":1,"278":1,"279":1,"280":1,"281":1,"282":1,"285":1,"288":1,"289":1,"290":1,"291":1,"292":1,"294":1,"295":1,"296":1,"297":1,"298":1,"300":1,"303":1,"304":1,"305":1,"306":1,"307":1,"308":1,"309":1,"310":1,"311":1,"312":1,"313":1,"314":1,"316":1,"317":1,"318":1,"319":1,"320":1,"321":1,"322":1,"323":2,"324":0,"325":0,"326":0,"327":0,"328":0,"329":2,"338":1,"339":1,"340":1,"341":1,"343":1,"346":1,"349":1,"350":1,"351":1,"352":1,"353":1,"354":1,"355":1,"356":1,"358":1,"359":1,"360":0,"361":0,"362":0,"363":0,"364":0,"365":1,"390":1,"391":1,"392":1,"399":1,"402":1,"405":1,"407":1,"408":1,"409":1,"410":1,"411":0,"412":0,"413":0,"414":0,"415":0,"416":1,"462":1,"463":2,"464":2,"471":2,"474":2,"477":2,"478":2,"480":2,"481":1,"482":2,"483":2,"484":2,"485":1,"486":1,"488":1,"489":1,"490":1,"491":1,"493":1,"494":2,"495":2,"496":1,"497":1,"499":2,"500":2,"501":2,"502":2,"503":2,"504":2,"505":0,"506":0,"507":0,"508":0,"509":0,"510":2,"575":1,"576":3,"577":3,"579":3,"580":1,"581":1,"582":1,"583":1,"585":2,"586":2,"589":2,"591":3,"592":1,"593":1,"594":1,"595":1,"598":1,"601":1,"602":1,"604":1,"606":0,"607":0,"608":0,"611":0,"612":0,"613":0,"614":0,"615":0,"616":0,"617":0,"618":0,"619":0,"622":0,"623":0,"624":0,"625":0,"626":0,"627":0,"628":0,"629":0,"630":0,"631":0,"632":0,"633":0,"634":1,"636":1,"639":1,"640":1,"641":1,"642":1,"643":1,"644":1,"645":1,"646":1,"647":1,"648":1,"649":1,"650":1,"651":1,"654":1,"656":1,"657":3,"658":0,"659":0,"660":0,"661":0,"662":0,"663":3,"664":1},"branchMap":{"0":{"type":"branch","line":43,"loc":{"start":{"line":43,"column":15},"end":{"line":102,"column":4}},"locations":[{"start":{"line":43,"column":15},"end":{"line":102,"column":4}}]},"1":{"type":"branch","line":47,"loc":{"start":{"line":47,"column":11},"end":{"line":47,"column":32}},"locations":[{"start":{"line":47,"column":11},"end":{"line":47,"column":32}}]},"2":{"type":"branch","line":47,"loc":{"start":{"line":47,"column":32},"end":{"line":54,"column":30}},"locations":[{"start":{"line":47,"column":32},"end":{"line":54,"column":30}}]},"3":{"type":"branch","line":54,"loc":{"start":{"line":54,"column":18},"end":{"line":54,"column":32}},"locations":[{"start":{"line":54,"column":18},"end":{"line":54,"column":32}}]},"4":{"type":"branch","line":63,"loc":{"start":{"line":63,"column":20},"end":{"line":64,"column":32}},"locations":[{"start":{"line":63,"column":20},"end":{"line":64,"column":32}}]},"5":{"type":"branch","line":64,"loc":{"start":{"line":64,"column":31},"end":{"line":65,"column":79}},"locations":[{"start":{"line":64,"column":31},"end":{"line":65,"column":79}}]},"6":{"type":"branch","line":66,"loc":{"start":{"line":66,"column":16},"end":{"line":66,"column":32}},"locations":[{"start":{"line":66,"column":16},"end":{"line":66,"column":32}}]},"7":{"type":"branch","line":71,"loc":{"start":{"line":71,"column":30},"end":{"line":71,"column":48}},"locations":[{"start":{"line":71,"column":30},"end":{"line":71,"column":48}}]},"8":{"type":"branch","line":78,"loc":{"start":{"line":78,"column":6},"end":{"line":90,"column":27}},"locations":[{"start":{"line":78,"column":6},"end":{"line":90,"column":27}}]},"9":{"type":"branch","line":90,"loc":{"start":{"line":90,"column":16},"end":{"line":90,"column":32}},"locations":[{"start":{"line":90,"column":16},"end":{"line":90,"column":32}}]},"10":{"type":"branch","line":91,"loc":{"start":{"line":91,"column":7},"end":{"line":96,"column":13}},"locations":[{"start":{"line":91,"column":7},"end":{"line":96,"column":13}}]},"11":{"type":"branch","line":96,"loc":{"start":{"line":96,"column":4},"end":{"line":101,"column":5}},"locations":[{"start":{"line":96,"column":4},"end":{"line":101,"column":5}}]},"12":{"type":"branch","line":111,"loc":{"start":{"line":111,"column":21},"end":{"line":186,"column":4}},"locations":[{"start":{"line":111,"column":21},"end":{"line":186,"column":4}}]},"13":{"type":"branch","line":120,"loc":{"start":{"line":120,"column":30},"end":{"line":120,"column":48}},"locations":[{"start":{"line":120,"column":30},"end":{"line":120,"column":48}}]},"14":{"type":"branch","line":124,"loc":{"start":{"line":124,"column":45},"end":{"line":180,"column":13}},"locations":[{"start":{"line":124,"column":45},"end":{"line":180,"column":13}}]},"15":{"type":"branch","line":180,"loc":{"start":{"line":180,"column":4},"end":{"line":185,"column":5}},"locations":[{"start":{"line":180,"column":4},"end":{"line":185,"column":5}}]},"16":{"type":"branch","line":126,"loc":{"start":{"line":126,"column":57},"end":{"line":127,"column":26}},"locations":[{"start":{"line":126,"column":57},"end":{"line":127,"column":26}}]},"17":{"type":"branch","line":130,"loc":{"start":{"line":130,"column":10},"end":{"line":130,"column":46}},"locations":[{"start":{"line":130,"column":10},"end":{"line":130,"column":46}}]},"18":{"type":"branch","line":134,"loc":{"start":{"line":134,"column":10},"end":{"line":134,"column":49}},"locations":[{"start":{"line":134,"column":10},"end":{"line":134,"column":49}}]},"19":{"type":"branch","line":166,"loc":{"start":{"line":166,"column":8},"end":{"line":166,"column":56}},"locations":[{"start":{"line":166,"column":8},"end":{"line":166,"column":56}}]},"20":{"type":"branch","line":170,"loc":{"start":{"line":170,"column":8},"end":{"line":170,"column":47}},"locations":[{"start":{"line":170,"column":8},"end":{"line":170,"column":47}}]},"21":{"type":"branch","line":223,"loc":{"start":{"line":223,"column":18},"end":{"line":330,"column":4}},"locations":[{"start":{"line":223,"column":18},"end":{"line":330,"column":4}}]},"22":{"type":"branch","line":229,"loc":{"start":{"line":229,"column":67},"end":{"line":233,"column":7}},"locations":[{"start":{"line":229,"column":67},"end":{"line":233,"column":7}}]},"23":{"type":"branch","line":235,"loc":{"start":{"line":235,"column":30},"end":{"line":235,"column":48}},"locations":[{"start":{"line":235,"column":30},"end":{"line":235,"column":48}}]},"24":{"type":"branch","line":240,"loc":{"start":{"line":240,"column":25},"end":{"line":244,"column":7}},"locations":[{"start":{"line":240,"column":25},"end":{"line":244,"column":7}}]},"25":{"type":"branch","line":251,"loc":{"start":{"line":251,"column":17},"end":{"line":251,"column":63}},"locations":[{"start":{"line":251,"column":17},"end":{"line":251,"column":63}}]},"26":{"type":"branch","line":257,"loc":{"start":{"line":257,"column":34},"end":{"line":324,"column":13}},"locations":[{"start":{"line":257,"column":34},"end":{"line":324,"column":13}}]},"27":{"type":"branch","line":324,"loc":{"start":{"line":324,"column":4},"end":{"line":329,"column":5}},"locations":[{"start":{"line":324,"column":4},"end":{"line":329,"column":5}}]},"28":{"type":"branch","line":339,"loc":{"start":{"line":339,"column":18},"end":{"line":366,"column":4}},"locations":[{"start":{"line":339,"column":18},"end":{"line":366,"column":4}}]},"29":{"type":"branch","line":344,"loc":{"start":{"line":344,"column":30},"end":{"line":344,"column":48}},"locations":[{"start":{"line":344,"column":30},"end":{"line":344,"column":48}}]},"30":{"type":"branch","line":360,"loc":{"start":{"line":360,"column":4},"end":{"line":365,"column":5}},"locations":[{"start":{"line":360,"column":4},"end":{"line":365,"column":5}}]},"31":{"type":"branch","line":391,"loc":{"start":{"line":391,"column":13},"end":{"line":417,"column":4}},"locations":[{"start":{"line":391,"column":13},"end":{"line":417,"column":4}}]},"32":{"type":"branch","line":400,"loc":{"start":{"line":400,"column":30},"end":{"line":400,"column":48}},"locations":[{"start":{"line":400,"column":30},"end":{"line":400,"column":48}}]},"33":{"type":"branch","line":411,"loc":{"start":{"line":411,"column":4},"end":{"line":416,"column":5}},"locations":[{"start":{"line":411,"column":4},"end":{"line":416,"column":5}}]},"34":{"type":"branch","line":463,"loc":{"start":{"line":463,"column":16},"end":{"line":511,"column":4}},"locations":[{"start":{"line":463,"column":16},"end":{"line":511,"column":4}}]},"35":{"type":"branch","line":472,"loc":{"start":{"line":472,"column":30},"end":{"line":472,"column":48}},"locations":[{"start":{"line":472,"column":30},"end":{"line":472,"column":48}}]},"36":{"type":"branch","line":481,"loc":{"start":{"line":481,"column":45},"end":{"line":498,"column":7}},"locations":[{"start":{"line":481,"column":45},"end":{"line":498,"column":7}}]},"37":{"type":"branch","line":505,"loc":{"start":{"line":505,"column":4},"end":{"line":510,"column":5}},"locations":[{"start":{"line":505,"column":4},"end":{"line":510,"column":5}}]},"38":{"type":"branch","line":482,"loc":{"start":{"line":482,"column":41},"end":{"line":486,"column":9}},"locations":[{"start":{"line":482,"column":41},"end":{"line":486,"column":9}}]},"39":{"type":"branch","line":494,"loc":{"start":{"line":494,"column":24},"end":{"line":497,"column":9}},"locations":[{"start":{"line":494,"column":24},"end":{"line":497,"column":9}}]},"40":{"type":"branch","line":576,"loc":{"start":{"line":576,"column":14},"end":{"line":664,"column":4}},"locations":[{"start":{"line":576,"column":14},"end":{"line":664,"column":4}}]},"41":{"type":"branch","line":580,"loc":{"start":{"line":580,"column":20},"end":{"line":584,"column":7}},"locations":[{"start":{"line":580,"column":20},"end":{"line":584,"column":7}}]},"42":{"type":"branch","line":584,"loc":{"start":{"line":584,"column":6},"end":{"line":592,"column":48}},"locations":[{"start":{"line":584,"column":6},"end":{"line":592,"column":48}}]},"43":{"type":"branch","line":592,"loc":{"start":{"line":592,"column":48},"end":{"line":658,"column":13}},"locations":[{"start":{"line":592,"column":48},"end":{"line":658,"column":13}}]},"44":{"type":"branch","line":605,"loc":{"start":{"line":605,"column":34},"end":{"line":635,"column":15}},"locations":[{"start":{"line":605,"column":34},"end":{"line":635,"column":15}}]},"45":{"type":"branch","line":658,"loc":{"start":{"line":658,"column":4},"end":{"line":663,"column":5}},"locations":[{"start":{"line":658,"column":4},"end":{"line":663,"column":5}}]}},"b":{"0":[2],"1":[1],"2":[1],"3":[0],"4":[1],"5":[0],"6":[0],"7":[0],"8":[1],"9":[0],"10":[1],"11":[0],"12":[2],"13":[0],"14":[1],"15":[0],"16":[1],"17":[1],"18":[1],"19":[1],"20":[1],"21":[2],"22":[0],"23":[0],"24":[0],"25":[0],"26":[1],"27":[0],"28":[1],"29":[0],"30":[0],"31":[1],"32":[0],"33":[0],"34":[2],"35":[0],"36":[1],"37":[0],"38":[2],"39":[2],"40":[3],"41":[1],"42":[2],"43":[1],"44":[0],"45":[0]},"fnMap":{"0":{"name":"addCartItem","decl":{"start":{"line":43,"column":15},"end":{"line":102,"column":4}},"loc":{"start":{"line":43,"column":15},"end":{"line":102,"column":4}},"line":43},"1":{"name":"retrieveCartItems","decl":{"start":{"line":111,"column":21},"end":{"line":186,"column":4}},"loc":{"start":{"line":111,"column":21},"end":{"line":186,"column":4}},"line":111},"2":{"name":"updateCartItem","decl":{"start":{"line":223,"column":18},"end":{"line":330,"column":4}},"loc":{"start":{"line":223,"column":18},"end":{"line":330,"column":4}},"line":223},"3":{"name":"removeCartItem","decl":{"start":{"line":339,"column":18},"end":{"line":366,"column":4}},"loc":{"start":{"line":339,"column":18},"end":{"line":366,"column":4}},"line":339},"4":{"name":"clearCart","decl":{"start":{"line":391,"column":13},"end":{"line":417,"column":4}},"loc":{"start":{"line":391,"column":13},"end":{"line":417,"column":4}},"line":391},"5":{"name":"getCartTotal","decl":{"start":{"line":463,"column":16},"end":{"line":511,"column":4}},"loc":{"start":{"line":463,"column":16},"end":{"line":511,"column":4}},"line":463},"6":{"name":"mergeCarts","decl":{"start":{"line":576,"column":14},"end":{"line":664,"column":4}},"loc":{"start":{"line":576,"column":14},"end":{"line":664,"column":4}},"line":576}},"f":{"0":2,"1":2,"2":2,"3":1,"4":1,"5":2,"6":3}}
,"/Users/dean/Desktop/work/ecom/src/controller/Product.c.ts": {"path":"/Users/dean/Desktop/work/ecom/src/controller/Product.c.ts","all":false,"statementMap":{"0":{"start":{"line":1,"column":0},"end":{"line":1,"column":56}},"2":{"start":{"line":3,"column":0},"end":{"line":3,"column":48}},"3":{"start":{"line":4,"column":0},"end":{"line":4,"column":27}},"4":{"start":{"line":5,"column":0},"end":{"line":5,"column":42}},"5":{"start":{"line":6,"column":0},"end":{"line":6,"column":44}},"6":{"start":{"line":7,"column":0},"end":{"line":7,"column":40}},"9":{"start":{"line":10,"column":0},"end":{"line":10,"column":65}},"10":{"start":{"line":11,"column":0},"end":{"line":11,"column":61}},"11":{"start":{"line":12,"column":0},"end":{"line":12,"column":82}},"12":{"start":{"line":13,"column":0},"end":{"line":13,"column":67}},"13":{"start":{"line":14,"column":0},"end":{"line":14,"column":40}},"14":{"start":{"line":15,"column":0},"end":{"line":15,"column":42}},"17":{"start":{"line":18,"column":0},"end":{"line":18,"column":74}},"18":{"start":{"line":19,"column":0},"end":{"line":19,"column":7}},"19":{"start":{"line":20,"column":0},"end":{"line":20,"column":21}},"20":{"start":{"line":21,"column":0},"end":{"line":21,"column":8}},"21":{"start":{"line":22,"column":0},"end":{"line":22,"column":50}},"22":{"start":{"line":23,"column":0},"end":{"line":23,"column":23}},"23":{"start":{"line":24,"column":0},"end":{"line":24,"column":19}},"24":{"start":{"line":25,"column":0},"end":{"line":25,"column":9}},"25":{"start":{"line":26,"column":0},"end":{"line":26,"column":26}},"26":{"start":{"line":27,"column":0},"end":{"line":27,"column":63}},"27":{"start":{"line":28,"column":0},"end":{"line":28,"column":29}},"28":{"start":{"line":29,"column":0},"end":{"line":29,"column":19}},"29":{"start":{"line":30,"column":0},"end":{"line":30,"column":55}},"30":{"start":{"line":31,"column":0},"end":{"line":31,"column":3}},"31":{"start":{"line":32,"column":0},"end":{"line":32,"column":2}},"33":{"start":{"line":34,"column":0},"end":{"line":34,"column":27}},"34":{"start":{"line":35,"column":0},"end":{"line":35,"column":16}},"35":{"start":{"line":36,"column":0},"end":{"line":36,"column":17}},"36":{"start":{"line":37,"column":0},"end":{"line":37,"column":17}},"37":{"start":{"line":38,"column":0},"end":{"line":38,"column":16}},"38":{"start":{"line":39,"column":0},"end":{"line":39,"column":32}},"39":{"start":{"line":40,"column":0},"end":{"line":40,"column":73}},"40":{"start":{"line":41,"column":0},"end":{"line":41,"column":2}},"42":{"start":{"line":43,"column":0},"end":{"line":43,"column":31}},"43":{"start":{"line":44,"column":0},"end":{"line":44,"column":47}},"44":{"start":{"line":45,"column":0},"end":{"line":45,"column":14}},"45":{"start":{"line":46,"column":0},"end":{"line":46,"column":31}},"46":{"start":{"line":47,"column":0},"end":{"line":47,"column":71}},"47":{"start":{"line":48,"column":0},"end":{"line":48,"column":18}},"48":{"start":{"line":49,"column":0},"end":{"line":49,"column":2}},"50":{"start":{"line":51,"column":0},"end":{"line":51,"column":47}},"51":{"start":{"line":52,"column":0},"end":{"line":52,"column":79}},"52":{"start":{"line":53,"column":0},"end":{"line":53,"column":25}},"53":{"start":{"line":54,"column":0},"end":{"line":54,"column":57}},"54":{"start":{"line":55,"column":0},"end":{"line":55,"column":13}},"55":{"start":{"line":56,"column":0},"end":{"line":56,"column":4}},"56":{"start":{"line":57,"column":0},"end":{"line":57,"column":25}},"57":{"start":{"line":58,"column":0},"end":{"line":58,"column":2}},"59":{"start":{"line":60,"column":0},"end":{"line":60,"column":47}},"60":{"start":{"line":61,"column":0},"end":{"line":61,"column":22}},"61":{"start":{"line":62,"column":0},"end":{"line":62,"column":26}},"62":{"start":{"line":63,"column":0},"end":{"line":63,"column":28}},"63":{"start":{"line":64,"column":0},"end":{"line":64,"column":34}},"64":{"start":{"line":65,"column":0},"end":{"line":65,"column":38}},"65":{"start":{"line":66,"column":0},"end":{"line":66,"column":2}},"67":{"start":{"line":68,"column":0},"end":{"line":68,"column":28}},"89":{"start":{"line":90,"column":0},"end":{"line":90,"column":57}},"90":{"start":{"line":91,"column":0},"end":{"line":91,"column":9}},"91":{"start":{"line":92,"column":0},"end":{"line":92,"column":71}},"93":{"start":{"line":94,"column":0},"end":{"line":94,"column":57}},"94":{"start":{"line":95,"column":0},"end":{"line":95,"column":18}},"95":{"start":{"line":96,"column":0},"end":{"line":96,"column":42}},"96":{"start":{"line":97,"column":0},"end":{"line":97,"column":56}},"97":{"start":{"line":98,"column":0},"end":{"line":98,"column":7}},"99":{"start":{"line":100,"column":0},"end":{"line":100,"column":44}},"100":{"start":{"line":101,"column":0},"end":{"line":101,"column":13}},"101":{"start":{"line":102,"column":0},"end":{"line":102,"column":20}},"102":{"start":{"line":103,"column":0},"end":{"line":103,"column":14}},"103":{"start":{"line":104,"column":0},"end":{"line":104,"column":17}},"104":{"start":{"line":105,"column":0},"end":{"line":105,"column":33}},"105":{"start":{"line":106,"column":0},"end":{"line":106,"column":9}},"107":{"start":{"line":108,"column":0},"end":{"line":108,"column":64}},"108":{"start":{"line":109,"column":0},"end":{"line":109,"column":16}},"109":{"start":{"line":110,"column":0},"end":{"line":110,"column":36}},"110":{"start":{"line":111,"column":0},"end":{"line":111,"column":46}},"111":{"start":{"line":112,"column":0},"end":{"line":112,"column":21}},"112":{"start":{"line":113,"column":0},"end":{"line":113,"column":69}},"113":{"start":{"line":114,"column":0},"end":{"line":114,"column":5}},"114":{"start":{"line":115,"column":0},"end":{"line":115,"column":4}},"150":{"start":{"line":151,"column":0},"end":{"line":151,"column":55}},"151":{"start":{"line":152,"column":0},"end":{"line":152,"column":9}},"152":{"start":{"line":153,"column":0},"end":{"line":153,"column":55}},"153":{"start":{"line":154,"column":0},"end":{"line":154,"column":66}},"154":{"start":{"line":155,"column":0},"end":{"line":155,"column":80}},"155":{"start":{"line":156,"column":0},"end":{"line":156,"column":52}},"157":{"start":{"line":158,"column":0},"end":{"line":158,"column":40}},"158":{"start":{"line":159,"column":0},"end":{"line":159,"column":46}},"159":{"start":{"line":160,"column":0},"end":{"line":160,"column":13}},"160":{"start":{"line":161,"column":0},"end":{"line":161,"column":14}},"161":{"start":{"line":162,"column":0},"end":{"line":162,"column":15}},"162":{"start":{"line":163,"column":0},"end":{"line":163,"column":18}},"163":{"start":{"line":164,"column":0},"end":{"line":164,"column":17}},"164":{"start":{"line":165,"column":0},"end":{"line":165,"column":9}},"166":{"start":{"line":167,"column":0},"end":{"line":167,"column":11}},"167":{"start":{"line":168,"column":0},"end":{"line":168,"column":59}},"168":{"start":{"line":169,"column":0},"end":{"line":169,"column":25}},"169":{"start":{"line":170,"column":0},"end":{"line":170,"column":78}},"170":{"start":{"line":171,"column":0},"end":{"line":171,"column":27}},"171":{"start":{"line":172,"column":0},"end":{"line":172,"column":21}},"172":{"start":{"line":173,"column":0},"end":{"line":173,"column":25}},"173":{"start":{"line":174,"column":0},"end":{"line":174,"column":19}},"174":{"start":{"line":175,"column":0},"end":{"line":175,"column":20}},"175":{"start":{"line":176,"column":0},"end":{"line":176,"column":25}},"176":{"start":{"line":177,"column":0},"end":{"line":177,"column":25}},"177":{"start":{"line":178,"column":0},"end":{"line":178,"column":41}},"178":{"start":{"line":179,"column":0},"end":{"line":179,"column":32}},"179":{"start":{"line":180,"column":0},"end":{"line":180,"column":14}},"180":{"start":{"line":181,"column":0},"end":{"line":181,"column":13}},"181":{"start":{"line":182,"column":0},"end":{"line":182,"column":9}},"182":{"start":{"line":183,"column":0},"end":{"line":183,"column":28}},"183":{"start":{"line":184,"column":0},"end":{"line":184,"column":50}},"184":{"start":{"line":185,"column":0},"end":{"line":185,"column":7}},"186":{"start":{"line":187,"column":0},"end":{"line":187,"column":38}},"187":{"start":{"line":188,"column":0},"end":{"line":188,"column":47}},"188":{"start":{"line":189,"column":0},"end":{"line":189,"column":13}},"190":{"start":{"line":191,"column":0},"end":{"line":191,"column":39}},"191":{"start":{"line":192,"column":0},"end":{"line":192,"column":35}},"192":{"start":{"line":193,"column":0},"end":{"line":193,"column":27}},"193":{"start":{"line":194,"column":0},"end":{"line":194,"column":77}},"195":{"start":{"line":196,"column":0},"end":{"line":196,"column":57}},"196":{"start":{"line":197,"column":0},"end":{"line":197,"column":55}},"197":{"start":{"line":198,"column":0},"end":{"line":198,"column":77}},"199":{"start":{"line":200,"column":0},"end":{"line":200,"column":31}},"200":{"start":{"line":201,"column":0},"end":{"line":201,"column":17}},"201":{"start":{"line":202,"column":0},"end":{"line":202,"column":27}},"202":{"start":{"line":203,"column":0},"end":{"line":203,"column":76}},"203":{"start":{"line":204,"column":0},"end":{"line":204,"column":39}},"204":{"start":{"line":205,"column":0},"end":{"line":205,"column":21}},"205":{"start":{"line":206,"column":0},"end":{"line":206,"column":24}},"207":{"start":{"line":208,"column":0},"end":{"line":208,"column":28}},"208":{"start":{"line":209,"column":0},"end":{"line":209,"column":17}},"209":{"start":{"line":210,"column":0},"end":{"line":210,"column":60}},"210":{"start":{"line":211,"column":0},"end":{"line":211,"column":8}},"212":{"start":{"line":213,"column":0},"end":{"line":213,"column":11}},"213":{"start":{"line":214,"column":0},"end":{"line":214,"column":71}},"214":{"start":{"line":215,"column":0},"end":{"line":215,"column":24}},"215":{"start":{"line":216,"column":0},"end":{"line":216,"column":11}},"216":{"start":{"line":217,"column":0},"end":{"line":217,"column":28}},"217":{"start":{"line":218,"column":0},"end":{"line":218,"column":54}},"218":{"start":{"line":219,"column":0},"end":{"line":219,"column":7}},"220":{"start":{"line":221,"column":0},"end":{"line":221,"column":46}},"221":{"start":{"line":222,"column":0},"end":{"line":222,"column":24}},"222":{"start":{"line":223,"column":0},"end":{"line":223,"column":21}},"223":{"start":{"line":224,"column":0},"end":{"line":224,"column":37}},"224":{"start":{"line":225,"column":0},"end":{"line":225,"column":37}},"225":{"start":{"line":226,"column":0},"end":{"line":226,"column":28}},"226":{"start":{"line":227,"column":0},"end":{"line":227,"column":10}},"227":{"start":{"line":228,"column":0},"end":{"line":228,"column":9}},"228":{"start":{"line":229,"column":0},"end":{"line":229,"column":21}},"229":{"start":{"line":230,"column":0},"end":{"line":230,"column":70}},"230":{"start":{"line":231,"column":0},"end":{"line":231,"column":5}},"231":{"start":{"line":232,"column":0},"end":{"line":232,"column":4}},"271":{"start":{"line":272,"column":0},"end":{"line":272,"column":58}},"272":{"start":{"line":273,"column":0},"end":{"line":273,"column":9}},"273":{"start":{"line":274,"column":0},"end":{"line":274,"column":40}},"274":{"start":{"line":275,"column":0},"end":{"line":275,"column":37}},"276":{"start":{"line":277,"column":0},"end":{"line":277,"column":61}},"278":{"start":{"line":279,"column":0},"end":{"line":279,"column":11}},"279":{"start":{"line":280,"column":0},"end":{"line":280,"column":62}},"280":{"start":{"line":281,"column":0},"end":{"line":281,"column":26}},"281":{"start":{"line":282,"column":0},"end":{"line":282,"column":76}},"282":{"start":{"line":283,"column":0},"end":{"line":283,"column":23}},"283":{"start":{"line":284,"column":0},"end":{"line":284,"column":45}},"284":{"start":{"line":285,"column":0},"end":{"line":285,"column":7}},"286":{"start":{"line":287,"column":0},"end":{"line":287,"column":30}},"287":{"start":{"line":288,"column":0},"end":{"line":288,"column":17}},"288":{"start":{"line":289,"column":0},"end":{"line":289,"column":27}},"289":{"start":{"line":290,"column":0},"end":{"line":290,"column":46}},"290":{"start":{"line":291,"column":0},"end":{"line":291,"column":17}},"291":{"start":{"line":292,"column":0},"end":{"line":292,"column":33}},"293":{"start":{"line":294,"column":0},"end":{"line":294,"column":21}},"294":{"start":{"line":295,"column":0},"end":{"line":295,"column":18}},"295":{"start":{"line":296,"column":0},"end":{"line":296,"column":40}},"296":{"start":{"line":297,"column":0},"end":{"line":297,"column":50}},"297":{"start":{"line":298,"column":0},"end":{"line":298,"column":7}},"299":{"start":{"line":300,"column":0},"end":{"line":300,"column":11}},"300":{"start":{"line":301,"column":0},"end":{"line":301,"column":73}},"301":{"start":{"line":302,"column":0},"end":{"line":302,"column":23}},"302":{"start":{"line":303,"column":0},"end":{"line":303,"column":49}},"303":{"start":{"line":304,"column":0},"end":{"line":304,"column":7}},"305":{"start":{"line":306,"column":0},"end":{"line":306,"column":54}},"306":{"start":{"line":307,"column":0},"end":{"line":307,"column":21}},"307":{"start":{"line":308,"column":0},"end":{"line":308,"column":69}},"308":{"start":{"line":309,"column":0},"end":{"line":309,"column":5}},"309":{"start":{"line":310,"column":0},"end":{"line":310,"column":4}},"358":{"start":{"line":359,"column":0},"end":{"line":359,"column":57}},"359":{"start":{"line":360,"column":0},"end":{"line":360,"column":9}},"360":{"start":{"line":361,"column":0},"end":{"line":361,"column":40}},"361":{"start":{"line":362,"column":0},"end":{"line":362,"column":37}},"363":{"start":{"line":364,"column":0},"end":{"line":364,"column":71}},"364":{"start":{"line":365,"column":0},"end":{"line":365,"column":78}},"366":{"start":{"line":367,"column":0},"end":{"line":367,"column":10}},"367":{"start":{"line":368,"column":0},"end":{"line":368,"column":45}},"368":{"start":{"line":369,"column":0},"end":{"line":369,"column":46}},"369":{"start":{"line":370,"column":0},"end":{"line":370,"column":9}},"370":{"start":{"line":371,"column":0},"end":{"line":371,"column":9}},"371":{"start":{"line":372,"column":0},"end":{"line":372,"column":18}},"372":{"start":{"line":373,"column":0},"end":{"line":373,"column":42}},"373":{"start":{"line":374,"column":0},"end":{"line":374,"column":68}},"374":{"start":{"line":375,"column":0},"end":{"line":375,"column":7}},"376":{"start":{"line":377,"column":0},"end":{"line":377,"column":10}},"377":{"start":{"line":378,"column":0},"end":{"line":378,"column":30}},"378":{"start":{"line":379,"column":0},"end":{"line":379,"column":59}},"379":{"start":{"line":380,"column":0},"end":{"line":380,"column":9}},"380":{"start":{"line":381,"column":0},"end":{"line":381,"column":18}},"381":{"start":{"line":382,"column":0},"end":{"line":382,"column":42}},"382":{"start":{"line":383,"column":0},"end":{"line":383,"column":74}},"383":{"start":{"line":384,"column":0},"end":{"line":384,"column":7}},"385":{"start":{"line":386,"column":0},"end":{"line":386,"column":33}},"386":{"start":{"line":387,"column":0},"end":{"line":387,"column":53}},"387":{"start":{"line":388,"column":0},"end":{"line":388,"column":74}},"388":{"start":{"line":389,"column":0},"end":{"line":389,"column":68}},"389":{"start":{"line":390,"column":0},"end":{"line":390,"column":65}},"390":{"start":{"line":391,"column":0},"end":{"line":391,"column":71}},"392":{"start":{"line":393,"column":0},"end":{"line":393,"column":35}},"393":{"start":{"line":394,"column":0},"end":{"line":394,"column":29}},"394":{"start":{"line":395,"column":0},"end":{"line":395,"column":24}},"395":{"start":{"line":396,"column":0},"end":{"line":396,"column":46}},"396":{"start":{"line":397,"column":0},"end":{"line":397,"column":21}},"398":{"start":{"line":399,"column":0},"end":{"line":399,"column":38}},"399":{"start":{"line":400,"column":0},"end":{"line":400,"column":18}},"400":{"start":{"line":401,"column":0},"end":{"line":401,"column":40}},"401":{"start":{"line":402,"column":0},"end":{"line":402,"column":50}},"402":{"start":{"line":403,"column":0},"end":{"line":403,"column":7}},"404":{"start":{"line":405,"column":0},"end":{"line":405,"column":25}},"405":{"start":{"line":406,"column":0},"end":{"line":406,"column":60}},"406":{"start":{"line":407,"column":0},"end":{"line":407,"column":63}},"407":{"start":{"line":408,"column":0},"end":{"line":408,"column":9}},"409":{"start":{"line":410,"column":0},"end":{"line":410,"column":62}},"410":{"start":{"line":411,"column":0},"end":{"line":411,"column":21}},"411":{"start":{"line":412,"column":0},"end":{"line":412,"column":69}},"412":{"start":{"line":413,"column":0},"end":{"line":413,"column":5}},"413":{"start":{"line":414,"column":0},"end":{"line":414,"column":4}},"455":{"start":{"line":456,"column":0},"end":{"line":456,"column":57}},"456":{"start":{"line":457,"column":0},"end":{"line":457,"column":9}},"457":{"start":{"line":458,"column":0},"end":{"line":458,"column":40}},"458":{"start":{"line":459,"column":0},"end":{"line":459,"column":37}},"460":{"start":{"line":461,"column":0},"end":{"line":461,"column":35}},"461":{"start":{"line":462,"column":0},"end":{"line":462,"column":29}},"462":{"start":{"line":463,"column":0},"end":{"line":463,"column":47}},"464":{"start":{"line":465,"column":0},"end":{"line":465,"column":40}},"465":{"start":{"line":466,"column":0},"end":{"line":466,"column":18}},"466":{"start":{"line":467,"column":0},"end":{"line":467,"column":40}},"467":{"start":{"line":468,"column":0},"end":{"line":468,"column":50}},"468":{"start":{"line":469,"column":0},"end":{"line":469,"column":7}},"470":{"start":{"line":471,"column":0},"end":{"line":471,"column":25}},"471":{"start":{"line":472,"column":0},"end":{"line":472,"column":60}},"472":{"start":{"line":473,"column":0},"end":{"line":473,"column":63}},"473":{"start":{"line":474,"column":0},"end":{"line":474,"column":9}},"475":{"start":{"line":476,"column":0},"end":{"line":476,"column":16}},"476":{"start":{"line":477,"column":0},"end":{"line":477,"column":31}},"477":{"start":{"line":478,"column":0},"end":{"line":478,"column":59}},"478":{"start":{"line":479,"column":0},"end":{"line":479,"column":21}},"479":{"start":{"line":480,"column":0},"end":{"line":480,"column":69}},"480":{"start":{"line":481,"column":0},"end":{"line":481,"column":5}},"481":{"start":{"line":482,"column":0},"end":{"line":482,"column":4}},"482":{"start":{"line":483,"column":0},"end":{"line":483,"column":2}}},"s":{"0":1,"2":1,"3":1,"4":1,"5":1,"6":1,"9":1,"10":1,"11":1,"12":1,"13":1,"14":1,"17":1,"18":8,"19":8,"20":8,"21":8,"22":8,"23":8,"24":8,"25":6,"26":8,"27":8,"28":8,"29":2,"30":2,"31":8,"33":1,"34":5,"35":5,"36":5,"37":5,"38":5,"39":5,"40":5,"42":1,"43":12,"44":12,"45":12,"46":12,"47":12,"48":12,"50":1,"51":12,"52":12,"53":12,"54":12,"55":12,"56":12,"57":12,"59":1,"60":1,"61":1,"62":1,"63":1,"64":1,"65":1,"67":1,"89":1,"90":6,"91":6,"93":6,"94":1,"95":1,"96":1,"97":1,"99":5,"100":5,"101":5,"102":5,"103":5,"104":6,"105":6,"107":4,"108":4,"109":4,"110":4,"111":6,"112":1,"113":1,"114":6,"150":1,"151":12,"152":12,"153":12,"154":12,"155":12,"157":12,"158":12,"159":12,"160":12,"161":12,"162":12,"163":12,"164":12,"166":12,"167":12,"168":12,"169":1,"170":1,"171":1,"172":1,"173":1,"174":1,"175":1,"176":1,"177":1,"178":1,"179":1,"180":1,"181":1,"182":12,"183":1,"184":1,"186":11,"187":1,"188":10,"190":12,"191":12,"192":12,"193":12,"195":12,"196":12,"197":12,"199":12,"200":12,"201":12,"202":12,"203":12,"204":12,"205":12,"207":10,"208":10,"209":10,"210":10,"212":10,"213":10,"214":10,"215":10,"216":12,"217":1,"218":1,"220":10,"221":10,"222":10,"223":10,"224":10,"225":10,"226":10,"227":10,"228":12,"229":1,"230":1,"231":12,"271":1,"272":6,"273":6,"274":6,"276":6,"278":6,"279":6,"280":5,"281":6,"282":6,"283":1,"284":1,"286":5,"287":5,"288":5,"289":5,"290":5,"291":5,"293":6,"294":1,"295":1,"296":1,"297":1,"299":3,"300":3,"301":6,"302":1,"303":1,"305":3,"306":6,"307":1,"308":1,"309":6,"358":1,"359":7,"360":7,"361":7,"363":7,"364":7,"366":7,"367":7,"368":7,"369":7,"370":7,"371":1,"372":1,"373":1,"374":1,"376":6,"377":6,"378":5,"379":7,"380":1,"381":1,"382":1,"383":1,"385":5,"386":7,"387":7,"388":7,"389":7,"390":7,"392":5,"393":5,"394":5,"395":5,"396":5,"398":7,"399":1,"400":1,"401":1,"402":1,"404":3,"405":3,"406":3,"407":3,"409":3,"410":7,"411":1,"412":1,"413":7,"455":1,"456":4,"457":4,"458":4,"460":3,"461":3,"462":3,"464":4,"465":1,"466":1,"467":1,"468":1,"470":1,"471":1,"472":1,"473":1,"475":1,"476":1,"477":1,"478":1,"479":1,"480":1,"481":4,"482":1},"branchMap":{"0":{"type":"branch","line":18,"loc":{"start":{"line":18,"column":31},"end":{"line":32,"column":2}},"locations":[{"start":{"line":18,"column":31},"end":{"line":32,"column":2}}]},"1":{"type":"branch","line":25,"loc":{"start":{"line":25,"column":7},"end":{"line":27,"column":37}},"locations":[{"start":{"line":25,"column":7},"end":{"line":27,"column":37}}]},"2":{"type":"branch","line":27,"loc":{"start":{"line":27,"column":31},"end":{"line":27,"column":63}},"locations":[{"start":{"line":27,"column":31},"end":{"line":27,"column":63}}]},"3":{"type":"branch","line":29,"loc":{"start":{"line":29,"column":2},"end":{"line":31,"column":3}},"locations":[{"start":{"line":29,"column":2},"end":{"line":31,"column":3}}]},"4":{"type":"branch","line":34,"loc":{"start":{"line":34,"column":26},"end":{"line":41,"column":2}},"locations":[{"start":{"line":34,"column":26},"end":{"line":41,"column":2}}]},"5":{"type":"branch","line":43,"loc":{"start":{"line":43,"column":30},"end":{"line":49,"column":2}},"locations":[{"start":{"line":43,"column":30},"end":{"line":49,"column":2}}]},"6":{"type":"branch","line":47,"loc":{"start":{"line":47,"column":12},"end":{"line":47,"column":49}},"locations":[{"start":{"line":47,"column":12},"end":{"line":47,"column":49}}]},"7":{"type":"branch","line":51,"loc":{"start":{"line":51,"column":28},"end":{"line":58,"column":2}},"locations":[{"start":{"line":51,"column":28},"end":{"line":58,"column":2}}]},"8":{"type":"branch","line":52,"loc":{"start":{"line":52,"column":57},"end":{"line":52,"column":76}},"locations":[{"start":{"line":52,"column":57},"end":{"line":52,"column":76}}]},"9":{"type":"branch","line":54,"loc":{"start":{"line":54,"column":38},"end":{"line":54,"column":57}},"locations":[{"start":{"line":54,"column":38},"end":{"line":54,"column":57}}]},"10":{"type":"branch","line":90,"loc":{"start":{"line":90,"column":17},"end":{"line":115,"column":4}},"locations":[{"start":{"line":90,"column":17},"end":{"line":115,"column":4}}]},"11":{"type":"branch","line":94,"loc":{"start":{"line":94,"column":11},"end":{"line":94,"column":35}},"locations":[{"start":{"line":94,"column":11},"end":{"line":94,"column":35}}]},"12":{"type":"branch","line":94,"loc":{"start":{"line":94,"column":20},"end":{"line":94,"column":45}},"locations":[{"start":{"line":94,"column":20},"end":{"line":94,"column":45}}]},"13":{"type":"branch","line":94,"loc":{"start":{"line":94,"column":36},"end":{"line":94,"column":56}},"locations":[{"start":{"line":94,"column":36},"end":{"line":94,"column":56}}]},"14":{"type":"branch","line":94,"loc":{"start":{"line":94,"column":56},"end":{"line":98,"column":7}},"locations":[{"start":{"line":94,"column":56},"end":{"line":98,"column":7}}]},"15":{"type":"branch","line":98,"loc":{"start":{"line":98,"column":6},"end":{"line":105,"column":28}},"locations":[{"start":{"line":98,"column":6},"end":{"line":105,"column":28}}]},"16":{"type":"branch","line":105,"loc":{"start":{"line":105,"column":17},"end":{"line":105,"column":33}},"locations":[{"start":{"line":105,"column":17},"end":{"line":105,"column":33}}]},"17":{"type":"branch","line":106,"loc":{"start":{"line":106,"column":7},"end":{"line":112,"column":13}},"locations":[{"start":{"line":106,"column":7},"end":{"line":112,"column":13}}]},"18":{"type":"branch","line":112,"loc":{"start":{"line":112,"column":4},"end":{"line":114,"column":5}},"locations":[{"start":{"line":112,"column":4},"end":{"line":114,"column":5}}]},"19":{"type":"branch","line":151,"loc":{"start":{"line":151,"column":15},"end":{"line":232,"column":4}},"locations":[{"start":{"line":151,"column":15},"end":{"line":232,"column":4}}]},"20":{"type":"branch","line":154,"loc":{"start":{"line":154,"column":32},"end":{"line":154,"column":66}},"locations":[{"start":{"line":154,"column":32},"end":{"line":154,"column":66}}]},"21":{"type":"branch","line":155,"loc":{"start":{"line":155,"column":60},"end":{"line":155,"column":76}},"locations":[{"start":{"line":155,"column":60},"end":{"line":155,"column":76}}]},"22":{"type":"branch","line":155,"loc":{"start":{"line":155,"column":69},"end":{"line":155,"column":80}},"locations":[{"start":{"line":155,"column":69},"end":{"line":155,"column":80}}]},"23":{"type":"branch","line":168,"loc":{"start":{"line":168,"column":57},"end":{"line":169,"column":24}},"locations":[{"start":{"line":168,"column":57},"end":{"line":169,"column":24}}]},"24":{"type":"branch","line":169,"loc":{"start":{"line":169,"column":24},"end":{"line":182,"column":9}},"locations":[{"start":{"line":169,"column":24},"end":{"line":182,"column":9}}]},"25":{"type":"branch","line":183,"loc":{"start":{"line":183,"column":6},"end":{"line":185,"column":7}},"locations":[{"start":{"line":183,"column":6},"end":{"line":185,"column":7}}]},"26":{"type":"branch","line":185,"loc":{"start":{"line":185,"column":6},"end":{"line":187,"column":38}},"locations":[{"start":{"line":185,"column":6},"end":{"line":187,"column":38}}]},"27":{"type":"branch","line":187,"loc":{"start":{"line":187,"column":30},"end":{"line":188,"column":47}},"locations":[{"start":{"line":187,"column":30},"end":{"line":188,"column":47}}]},"28":{"type":"branch","line":188,"loc":{"start":{"line":188,"column":46},"end":{"line":189,"column":13}},"locations":[{"start":{"line":188,"column":46},"end":{"line":189,"column":13}}]},"29":{"type":"branch","line":194,"loc":{"start":{"line":194,"column":31},"end":{"line":194,"column":66}},"locations":[{"start":{"line":194,"column":31},"end":{"line":194,"column":66}}]},"30":{"type":"branch","line":194,"loc":{"start":{"line":194,"column":62},"end":{"line":194,"column":75}},"locations":[{"start":{"line":194,"column":62},"end":{"line":194,"column":75}}]},"31":{"type":"branch","line":194,"loc":{"start":{"line":194,"column":75},"end":{"line":196,"column":46}},"locations":[{"start":{"line":194,"column":75},"end":{"line":196,"column":46}}]},"32":{"type":"branch","line":196,"loc":{"start":{"line":196,"column":43},"end":{"line":196,"column":55}},"locations":[{"start":{"line":196,"column":43},"end":{"line":196,"column":55}}]},"33":{"type":"branch","line":196,"loc":{"start":{"line":196,"column":46},"end":{"line":196,"column":57}},"locations":[{"start":{"line":196,"column":46},"end":{"line":196,"column":57}}]},"34":{"type":"branch","line":198,"loc":{"start":{"line":198,"column":48},"end":{"line":198,"column":77}},"locations":[{"start":{"line":198,"column":48},"end":{"line":198,"column":77}}]},"35":{"type":"branch","line":203,"loc":{"start":{"line":203,"column":31},"end":{"line":203,"column":66}},"locations":[{"start":{"line":203,"column":31},"end":{"line":203,"column":66}}]},"36":{"type":"branch","line":203,"loc":{"start":{"line":203,"column":62},"end":{"line":203,"column":75}},"locations":[{"start":{"line":203,"column":62},"end":{"line":203,"column":75}}]},"37":{"type":"branch","line":206,"loc":{"start":{"line":206,"column":22},"end":{"line":216,"column":11}},"locations":[{"start":{"line":206,"column":22},"end":{"line":216,"column":11}}]},"38":{"type":"branch","line":216,"loc":{"start":{"line":216,"column":9},"end":{"line":217,"column":15}},"locations":[{"start":{"line":216,"column":9},"end":{"line":217,"column":15}}]},"39":{"type":"branch","line":217,"loc":{"start":{"line":217,"column":6},"end":{"line":219,"column":7}},"locations":[{"start":{"line":217,"column":6},"end":{"line":219,"column":7}}]},"40":{"type":"branch","line":219,"loc":{"start":{"line":219,"column":6},"end":{"line":229,"column":13}},"locations":[{"start":{"line":219,"column":6},"end":{"line":229,"column":13}}]},"41":{"type":"branch","line":229,"loc":{"start":{"line":229,"column":4},"end":{"line":231,"column":5}},"locations":[{"start":{"line":229,"column":4},"end":{"line":231,"column":5}}]},"42":{"type":"branch","line":272,"loc":{"start":{"line":272,"column":18},"end":{"line":310,"column":4}},"locations":[{"start":{"line":272,"column":18},"end":{"line":310,"column":4}}]},"43":{"type":"branch","line":275,"loc":{"start":{"line":275,"column":30},"end":{"line":275,"column":37}},"locations":[{"start":{"line":275,"column":30},"end":{"line":275,"column":37}}]},"44":{"type":"branch","line":280,"loc":{"start":{"line":280,"column":60},"end":{"line":282,"column":17}},"locations":[{"start":{"line":280,"column":60},"end":{"line":282,"column":17}}]},"45":{"type":"branch","line":282,"loc":{"start":{"line":282,"column":10},"end":{"line":282,"column":76}},"locations":[{"start":{"line":282,"column":10},"end":{"line":282,"column":76}}]},"46":{"type":"branch","line":283,"loc":{"start":{"line":283,"column":6},"end":{"line":285,"column":7}},"locations":[{"start":{"line":283,"column":6},"end":{"line":285,"column":7}}]},"47":{"type":"branch","line":285,"loc":{"start":{"line":285,"column":6},"end":{"line":292,"column":33}},"locations":[{"start":{"line":285,"column":6},"end":{"line":292,"column":33}}]},"48":{"type":"branch","line":292,"loc":{"start":{"line":292,"column":31},"end":{"line":294,"column":20}},"locations":[{"start":{"line":292,"column":31},"end":{"line":294,"column":20}}]},"49":{"type":"branch","line":294,"loc":{"start":{"line":294,"column":20},"end":{"line":298,"column":7}},"locations":[{"start":{"line":294,"column":20},"end":{"line":298,"column":7}}]},"50":{"type":"branch","line":298,"loc":{"start":{"line":298,"column":6},"end":{"line":301,"column":73}},"locations":[{"start":{"line":298,"column":6},"end":{"line":301,"column":73}}]},"51":{"type":"branch","line":301,"loc":{"start":{"line":301,"column":71},"end":{"line":302,"column":15}},"locations":[{"start":{"line":301,"column":71},"end":{"line":302,"column":15}}]},"52":{"type":"branch","line":302,"loc":{"start":{"line":302,"column":6},"end":{"line":304,"column":7}},"locations":[{"start":{"line":302,"column":6},"end":{"line":304,"column":7}}]},"53":{"type":"branch","line":304,"loc":{"start":{"line":304,"column":6},"end":{"line":307,"column":13}},"locations":[{"start":{"line":304,"column":6},"end":{"line":307,"column":13}}]},"54":{"type":"branch","line":307,"loc":{"start":{"line":307,"column":4},"end":{"line":309,"column":5}},"locations":[{"start":{"line":307,"column":4},"end":{"line":309,"column":5}}]},"55":{"type":"branch","line":292,"loc":{"start":{"line":292,"column":14},"end":{"line":292,"column":31}},"locations":[{"start":{"line":292,"column":14},"end":{"line":292,"column":31}}]},"56":{"type":"branch","line":359,"loc":{"start":{"line":359,"column":17},"end":{"line":414,"column":4}},"locations":[{"start":{"line":359,"column":17},"end":{"line":414,"column":4}}]},"57":{"type":"branch","line":362,"loc":{"start":{"line":362,"column":30},"end":{"line":362,"column":37}},"locations":[{"start":{"line":362,"column":30},"end":{"line":362,"column":37}}]},"58":{"type":"branch","line":371,"loc":{"start":{"line":371,"column":8},"end":{"line":375,"column":7}},"locations":[{"start":{"line":371,"column":8},"end":{"line":375,"column":7}}]},"59":{"type":"branch","line":375,"loc":{"start":{"line":375,"column":6},"end":{"line":378,"column":30}},"locations":[{"start":{"line":375,"column":6},"end":{"line":378,"column":30}}]},"60":{"type":"branch","line":378,"loc":{"start":{"line":378,"column":18},"end":{"line":379,"column":59}},"locations":[{"start":{"line":378,"column":18},"end":{"line":379,"column":59}}]},"61":{"type":"branch","line":380,"loc":{"start":{"line":380,"column":8},"end":{"line":384,"column":7}},"locations":[{"start":{"line":380,"column":8},"end":{"line":384,"column":7}}]},"62":{"type":"branch","line":384,"loc":{"start":{"line":384,"column":6},"end":{"line":387,"column":41}},"locations":[{"start":{"line":384,"column":6},"end":{"line":387,"column":41}}]},"63":{"type":"branch","line":387,"loc":{"start":{"line":387,"column":30},"end":{"line":387,"column":53}},"locations":[{"start":{"line":387,"column":30},"end":{"line":387,"column":53}}]},"64":{"type":"branch","line":387,"loc":{"start":{"line":387,"column":48},"end":{"line":388,"column":48}},"locations":[{"start":{"line":387,"column":48},"end":{"line":388,"column":48}}]},"65":{"type":"branch","line":388,"loc":{"start":{"line":388,"column":37},"end":{"line":388,"column":74}},"locations":[{"start":{"line":388,"column":37},"end":{"line":388,"column":74}}]},"66":{"type":"branch","line":388,"loc":{"start":{"line":388,"column":62},"end":{"line":389,"column":42}},"locations":[{"start":{"line":388,"column":62},"end":{"line":389,"column":42}}]},"67":{"type":"branch","line":389,"loc":{"start":{"line":389,"column":31},"end":{"line":389,"column":68}},"locations":[{"start":{"line":389,"column":31},"end":{"line":389,"column":68}}]},"68":{"type":"branch","line":389,"loc":{"start":{"line":389,"column":66},"end":{"line":390,"column":45}},"locations":[{"start":{"line":389,"column":66},"end":{"line":390,"column":45}}]},"69":{"type":"branch","line":390,"loc":{"start":{"line":390,"column":34},"end":{"line":390,"column":65}},"locations":[{"start":{"line":390,"column":34},"end":{"line":390,"column":65}}]},"70":{"type":"branch","line":390,"loc":{"start":{"line":390,"column":56},"end":{"line":391,"column":44}},"locations":[{"start":{"line":390,"column":56},"end":{"line":391,"column":44}}]},"71":{"type":"branch","line":391,"loc":{"start":{"line":391,"column":33},"end":{"line":391,"column":71}},"locations":[{"start":{"line":391,"column":33},"end":{"line":391,"column":71}}]},"72":{"type":"branch","line":391,"loc":{"start":{"line":391,"column":69},"end":{"line":397,"column":21}},"locations":[{"start":{"line":391,"column":69},"end":{"line":397,"column":21}}]},"73":{"type":"branch","line":397,"loc":{"start":{"line":397,"column":19},"end":{"line":399,"column":37}},"locations":[{"start":{"line":397,"column":19},"end":{"line":399,"column":37}}]},"74":{"type":"branch","line":399,"loc":{"start":{"line":399,"column":37},"end":{"line":403,"column":7}},"locations":[{"start":{"line":399,"column":37},"end":{"line":403,"column":7}}]},"75":{"type":"branch","line":403,"loc":{"start":{"line":403,"column":6},"end":{"line":411,"column":13}},"locations":[{"start":{"line":403,"column":6},"end":{"line":411,"column":13}}]},"76":{"type":"branch","line":411,"loc":{"start":{"line":411,"column":4},"end":{"line":413,"column":5}},"locations":[{"start":{"line":411,"column":4},"end":{"line":413,"column":5}}]},"77":{"type":"branch","line":369,"loc":{"start":{"line":369,"column":10},"end":{"line":369,"column":46}},"locations":[{"start":{"line":369,"column":10},"end":{"line":369,"column":46}}]},"78":{"type":"branch","line":369,"loc":{"start":{"line":369,"column":23},"end":{"line":369,"column":46}},"locations":[{"start":{"line":369,"column":23},"end":{"line":369,"column":46}}]},"79":{"type":"branch","line":456,"loc":{"start":{"line":456,"column":17},"end":{"line":482,"column":4}},"locations":[{"start":{"line":456,"column":17},"end":{"line":482,"column":4}}]},"80":{"type":"branch","line":459,"loc":{"start":{"line":459,"column":30},"end":{"line":459,"column":37}},"locations":[{"start":{"line":459,"column":30},"end":{"line":459,"column":37}}]},"81":{"type":"branch","line":459,"loc":{"start":{"line":459,"column":30},"end":{"line":463,"column":47}},"locations":[{"start":{"line":459,"column":30},"end":{"line":463,"column":47}}]},"82":{"type":"branch","line":463,"loc":{"start":{"line":463,"column":45},"end":{"line":465,"column":39}},"locations":[{"start":{"line":463,"column":45},"end":{"line":465,"column":39}}]},"83":{"type":"branch","line":465,"loc":{"start":{"line":465,"column":39},"end":{"line":481,"column":5}},"locations":[{"start":{"line":465,"column":39},"end":{"line":481,"column":5}}]}},"b":{"0":[8],"1":[6],"2":[1],"3":[2],"4":[5],"5":[12],"6":[60],"7":[12],"8":[0],"9":[0],"10":[6],"11":[5],"12":[5],"13":[5],"14":[1],"15":[5],"16":[1],"17":[4],"18":[1],"19":[12],"20":[9],"21":[1],"22":[11],"23":[11],"24":[1],"25":[1],"26":[11],"27":[1],"28":[10],"29":[1],"30":[10],"31":[10],"32":[8],"33":[2],"34":[1],"35":[1],"36":[9],"37":[10],"38":[9],"39":[1],"40":[10],"41":[1],"42":[6],"43":[0],"44":[5],"45":[1],"46":[1],"47":[5],"48":[4],"49":[1],"50":[3],"51":[2],"52":[1],"53":[3],"54":[1],"55":[4],"56":[7],"57":[0],"58":[1],"59":[6],"60":[5],"61":[1],"62":[5],"63":[4],"64":[5],"65":[1],"66":[5],"67":[4],"68":[5],"69":[0],"70":[5],"71":[1],"72":[5],"73":[4],"74":[1],"75":[3],"76":[1],"77":[15],"78":[6],"79":[4],"80":[1],"81":[3],"82":[2],"83":[1]},"fnMap":{"0":{"name":"invalidateCachePattern","decl":{"start":{"line":18,"column":31},"end":{"line":32,"column":2}},"loc":{"start":{"line":18,"column":31},"end":{"line":32,"column":2}},"line":18},"1":{"name":"handleServerError","decl":{"start":{"line":34,"column":26},"end":{"line":41,"column":2}},"loc":{"start":{"line":34,"column":26},"end":{"line":41,"column":2}},"line":34},"2":{"name":"buildProductsCacheKey","decl":{"start":{"line":43,"column":30},"end":{"line":49,"column":2}},"loc":{"start":{"line":43,"column":30},"end":{"line":49,"column":2}},"line":43},"3":{"name":"getPaginationParams","decl":{"start":{"line":51,"column":28},"end":{"line":58,"column":2}},"loc":{"start":{"line":51,"column":28},"end":{"line":58,"column":2}},"line":51},"4":{"name":"createProduct","decl":{"start":{"line":90,"column":17},"end":{"line":115,"column":4}},"loc":{"start":{"line":90,"column":17},"end":{"line":115,"column":4}},"line":90},"5":{"name":"getProducts","decl":{"start":{"line":151,"column":15},"end":{"line":232,"column":4}},"loc":{"start":{"line":151,"column":15},"end":{"line":232,"column":4}},"line":151},"6":{"name":"getProductById","decl":{"start":{"line":272,"column":18},"end":{"line":310,"column":4}},"loc":{"start":{"line":272,"column":18},"end":{"line":310,"column":4}},"line":272},"7":{"name":"updateProduct","decl":{"start":{"line":359,"column":17},"end":{"line":414,"column":4}},"loc":{"start":{"line":359,"column":17},"end":{"line":414,"column":4}},"line":359},"8":{"name":"deleteProduct","decl":{"start":{"line":456,"column":17},"end":{"line":482,"column":4}},"loc":{"start":{"line":456,"column":17},"end":{"line":482,"column":4}},"line":456}},"f":{"0":8,"1":5,"2":12,"3":12,"4":6,"5":12,"6":6,"7":7,"8":4}}
,"/Users/dean/Desktop/work/ecom/src/db/index.ts": {"path":"/Users/dean/Desktop/work/ecom/src/db/index.ts","all":false,"statementMap":{"0":{"start":{"line":1,"column":0},"end":{"line":1,"column":23}},"1":{"start":{"line":2,"column":0},"end":{"line":2,"column":52}},"2":{"start":{"line":3,"column":0},"end":{"line":3,"column":41}},"4":{"start":{"line":5,"column":0},"end":{"line":5,"column":163}},"6":{"start":{"line":7,"column":0},"end":{"line":7,"column":41}}},"s":{"0":1,"1":1,"2":1,"4":1,"6":1},"branchMap":{},"b":{},"fnMap":{},"f":{}}
[...]
:16,"column":0},"end":{"line":16,"column":45}},"16":{"start":{"line":17,"column":0},"end":{"line":17,"column":53}},"17":{"start":{"line":18,"column":0},"end":{"line":18,"column":58}},"18":{"start":{"line":19,"column":0},"end":{"line":19,"column":49}},"19":{"start":{"line":20,"column":0},"end":{"line":20,"column":47}},"20":{"start":{"line":21,"column":0},"end":{"line":21,"column":63}},"21":{"start":{"line":22,"column":0},"end":{"line":22,"column":39}},"22":{"start":{"line":23,"column":0},"end":{"line":23,"column":16}},"23":{"start":{"line":24,"column":0},"end":{"line":24,"column":19}},"24":{"start":{"line":25,"column":0},"end":{"line":25,"column":37}},"25":{"start":{"line":26,"column":0},"end":{"line":26,"column":4}},"26":{"start":{"line":27,"column":0},"end":{"line":27,"column":14}},"27":{"start":{"line":28,"column":0},"end":{"line":28,"column":37}},"28":{"start":{"line":29,"column":0},"end":{"line":29,"column":45}},"29":{"start":{"line":30,"column":0},"end":{"line":30,"column":39}},"30":{"start":{"line":31,"column":0},"end":{"line":31,"column":44}},"31":{"start":{"line":32,"column":0},"end":{"line":32,"column":40}},"32":{"start":{"line":33,"column":0},"end":{"line":33,"column":3}},"33":{"start":{"line":34,"column":0},"end":{"line":34,"column":2}},"35":{"start":{"line":36,"column":0},"end":{"line":36,"column":33}},"36":{"start":{"line":37,"column":0},"end":{"line":37,"column":9}},"37":{"start":{"line":38,"column":0},"end":{"line":38,"column":3}},"38":{"start":{"line":39,"column":0},"end":{"line":39,"column":59}},"39":{"start":{"line":40,"column":0},"end":{"line":40,"column":24}},"40":{"start":{"line":41,"column":0},"end":{"line":41,"column":16}},"41":{"start":{"line":42,"column":0},"end":{"line":42,"column":66}},"42":{"start":{"line":43,"column":0},"end":{"line":43,"column":45}},"43":{"start":{"line":44,"column":0},"end":{"line":44,"column":63}},"44":{"start":{"line":45,"column":0},"end":{"line":45,"column":58}},"45":{"start":{"line":46,"column":0},"end":{"line":46,"column":22}},"46":{"start":{"line":47,"column":0},"end":{"line":47,"column":63}},"47":{"start":{"line":48,"column":0},"end":{"line":48,"column":39}},"48":{"start":{"line":49,"column":0},"end":{"line":49,"column":16}},"49":{"start":{"line":50,"column":0},"end":{"line":50,"column":19}},"50":{"start":{"line":51,"column":0},"end":{"line":51,"column":37}},"51":{"start":{"line":52,"column":0},"end":{"line":52,"column":50}},"52":{"start":{"line":53,"column":0},"end":{"line":53,"column":4}},"53":{"start":{"line":54,"column":0},"end":{"line":54,"column":14}},"55":{"start":{"line":56,"column":0},"end":{"line":56,"column":65}},"58":{"start":{"line":59,"column":0},"end":{"line":59,"column":48}},"59":{"start":{"line":60,"column":0},"end":{"line":60,"column":42}},"60":{"start":{"line":61,"column":0},"end":{"line":61,"column":49}},"61":{"start":{"line":62,"column":0},"end":{"line":62,"column":49}},"62":{"start":{"line":63,"column":0},"end":{"line":63,"column":37}},"63":{"start":{"line":64,"column":0},"end":{"line":64,"column":3}},"64":{"start":{"line":65,"column":0},"end":{"line":65,"column":2}}},"s":{"0":1,"11":1,"12":1,"13":1,"14":1,"15":1,"16":1,"17":1,"18":1,"19":1,"20":1,"21":1,"22":1,"23":1,"24":1,"25":1,"26":1,"27":0,"28":0,"29":0,"30":0,"31":0,"32":0,"33":1,"35":1,"36":1,"37":1,"38":1,"39":1,"40":1,"41":1,"42":1,"43":1,"44":1,"45":1,"46":1,"47":1,"48":1,"49":1,"50":1,"51":1,"52":1,"53":1,"55":0,"58":0,"59":0,"60":0,"61":0,"62":0,"63":0,"64":1},"branchMap":{},"b":{},"fnMap":{"0":{"name":"cartTable.productId.notNull.references.onDelete","decl":{"start":{"line":42,"column":18},"end":{"line":42,"column":41}},"loc":{"start":{"line":42,"column":18},"end":{"line":42,"column":41}},"line":42}},"f":{"0":0}}
,"/Users/dean/Desktop/work/ecom/src/routes/cart.r.ts": {"path":"/Users/dean/Desktop/work/ecom/src/routes/cart.r.ts","all":true,"statementMap":{"0":{"start":{"line":1,"column":0},"end":{"line":1,"column":33}},"1":{"start":{"line":2,"column":0},"end":{"line":2,"column":48}},"3":{"start":{"line":4,"column":0},"end":{"line":4,"column":24}},"5":{"start":{"line":6,"column":0},"end":{"line":6,"column":6}},"6":{"start":{"line":7,"column":0},"end":{"line":7,"column":18}},"7":{"start":{"line":8,"column":0},"end":{"line":8,"column":29}},"8":{"start":{"line":9,"column":0},"end":{"line":9,"column":35}},"10":{"start":{"line":11,"column":0},"end":{"line":11,"column":39}},"11":{"start":{"line":12,"column":0},"end":{"line":12,"column":44}},"12":{"start":{"line":13,"column":0},"end":{"line":13,"column":43}},"14":{"start":{"line":15,"column":0},"end":{"line":15,"column":6}},"15":{"start":{"line":16,"column":0},"end":{"line":16,"column":29}},"16":{"start":{"line":17,"column":0},"end":{"line":17,"column":33}},"17":{"start":{"line":18,"column":0},"end":{"line":18,"column":35}},"19":{"start":{"line":20,"column":0},"end":{"line":20,"column":22}}},"s":{"0":0,"1":0,"3":0,"5":0,"6":0,"7":0,"8":0,"10":0,"11":0,"12":0,"14":0,"15":0,"16":0,"17":0,"19":0},"branchMap":{"0":{"type":"branch","line":1,"loc":{"start":{"line":1,"column":463},"end":{"line":20,"column":22}},"locations":[{"start":{"line":1,"column":463},"end":{"line":20,"column":22}}]}},"b":{"0":[0]},"fnMap":{"0":{"name":"(empty-report)","decl":{"start":{"line":1,"column":463},"end":{"line":20,"column":22}},"loc":{"start":{"line":1,"column":463},"end":{"line":20,"column":22}},"line":1}},"f":{"0":0}}
,"/Users/dean/Desktop/work/ecom/src/routes/products.r.ts": {"path":"/Users/dean/Desktop/work/ecom/src/routes/products.r.ts","all":true,"statementMap":{"0":{"start":{"line":1,"column":0},"end":{"line":1,"column":33}},"1":{"start":{"line":2,"column":0},"end":{"line":2,"column":54}},"3":{"start":{"line":4,"column":0},"end":{"line":4,"column":24}},"5":{"start":{"line":6,"column":0},"end":{"line":6,"column":50}},"6":{"start":{"line":7,"column":0},"end":{"line":7,"column":41}},"8":{"start":{"line":9,"column":0},"end":{"line":9,"column":6}},"9":{"start":{"line":10,"column":0},"end":{"line":10,"column":16}},"10":{"start":{"line":11,"column":0},"end":{"line":11,"column":34}},"11":{"start":{"line":12,"column":0},"end":{"line":12,"column":35}},"12":{"start":{"line":13,"column":0},"end":{"line":13,"column":37}},"14":{"start":{"line":15,"column":0},"end":{"line":15,"column":22}}},"s":{"0":0,"1":0,"3":0,"5":0,"6":0,"8":0,"9":0,"10":0,"11":0,"12":0,"14":0},"branchMap":{"0":{"type":"branch","line":1,"loc":{"start":{"line":1,"column":420},"end":{"line":15,"column":22}},"locations":[{"start":{"line":1,"column":420},"end":{"line":15,"column":22}}]}},"b":{"0":[0]},"fnMap":{"0":{"name":"(empty-report)","decl":{"start":{"line":1,"column":420},"end":{"line":15,"column":22}},"loc":{"start":{"line":1,"column":420},"end":{"line":15,"column":22}},"line":1}},"f":{"0":0}}
,"/Users/dean/Desktop/work/ecom/src/test/mocks/db.ts": {"path":"/Users/dean/Desktop/work/ecom/src/test/mocks/db.ts","all":false,"statementMap":{"1":{"start":{"line":2,"column":0},"end":{"line":2,"column":34}},"2":{"start":{"line":3,"column":0},"end":{"line":3,"column":30}},"3":{"start":{"line":4,"column":0},"end":{"line":4,"column":45}},"5":{"start":{"line":6,"column":0},"end":{"line":6,"column":23}},"6":{"start":{"line":7,"column":0},"end":{"line":7,"column":18}},"7":{"start":{"line":8,"column":0},"end":{"line":8,"column":49}},"8":{"start":{"line":9,"column":0},"end":{"line":9,"column":5}},"9":{"start":{"line":10,"column":0},"end":{"line":10,"column":18}},"10":{"start":{"line":11,"column":0},"end":{"line":11,"column":35}},"11":{"start":{"line":12,"column":0},"end":{"line":12,"column":36}},"12":{"start":{"line":13,"column":0},"end":{"line":13,"column":38}},"13":{"start":{"line":14,"column":0},"end":{"line":14,"column":36}},"14":{"start":{"line":15,"column":0},"end":{"line":15,"column":42}},"15":{"start":{"line":16,"column":0},"end":{"line":16,"column":5}},"16":{"start":{"line":17,"column":0},"end":{"line":17,"column":18}},"17":{"start":{"line":18,"column":0},"end":{"line":18,"column":34}},"18":{"start":{"line":19,"column":0},"end":{"line":19,"column":36}},"19":{"start":{"line":20,"column":0},"end":{"line":20,"column":45}},"20":{"start":{"line":21,"column":0},"end":{"line":21,"column":5}},"21":{"start":{"line":22,"column":0},"end":{"line":22,"column":18}},"22":{"start":{"line":23,"column":0},"end":{"line":23,"column":36}},"23":{"start":{"line":24,"column":0},"end":{"line":24,"column":58}},"24":{"start":{"line":25,"column":0},"end":{"line":25,"column":5}},"25":{"start":{"line":26,"column":0},"end":{"line":26,"column":2}},"27":{"start":{"line":28,"column":0},"end":{"line":28,"column":26}},"28":{"start":{"line":29,"column":0},"end":{"line":29,"column":61}},"29":{"start":{"line":30,"column":0},"end":{"line":30,"column":39}},"30":{"start":{"line":31,"column":0},"end":{"line":31,"column":39}},"31":{"start":{"line":32,"column":0},"end":{"line":32,"column":41}},"32":{"start":{"line":33,"column":0},"end":{"line":33,"column":36}},"33":{"start":{"line":34,"column":0},"end":{"line":34,"column":40}},"34":{"start":{"line":35,"column":0},"end":{"line":35,"column":42}},"35":{"start":{"line":36,"column":0},"end":{"line":36,"column":16}},"36":{"start":{"line":37,"column":0},"end":{"line":37,"column":19}},"37":{"start":{"line":38,"column":0},"end":{"line":38,"column":37}},"38":{"start":{"line":39,"column":0},"end":{"line":39,"column":2}},"41":{"start":{"line":42,"column":0},"end":{"line":42,"column":33}},"42":{"start":{"line":43,"column":0},"end":{"line":43,"column":56}},"43":{"start":{"line":44,"column":0},"end":{"line":44,"column":56}},"44":{"start":{"line":45,"column":0},"end":{"line":45,"column":56}},"45":{"start":{"line":46,"column":0},"end":{"line":46,"column":56}},"47":{"start":{"line":48,"column":0},"end":{"line":48,"column":67}},"48":{"start":{"line":49,"column":0},"end":{"line":49,"column":5}},"49":{"start":{"line":50,"column":0},"end":{"line":50,"column":61}},"50":{"start":{"line":51,"column":0},"end":{"line":51,"column":41}},"51":{"start":{"line":52,"column":0},"end":{"line":52,"column":5}},"52":{"start":{"line":53,"column":0},"end":{"line":53,"column":2}},"55":{"start":{"line":56,"column":0},"end":{"line":56,"column":33}},"56":{"start":{"line":57,"column":0},"end":{"line":57,"column":21}},"57":{"start":{"line":58,"column":0},"end":{"line":58,"column":15}},"58":{"start":{"line":59,"column":0},"end":{"line":59,"column":2}}},"s":{"1":1,"2":1,"3":1,"5":1,"6":1,"7":6,"8":6,"9":1,"10":22,"11":22,"12":22,"13":22,"14":22,"15":22,"16":1,"17":7,"18":7,"19":7,"20":7,"21":1,"22":6,"23":6,"24":6,"25":1,"27":1,"28":1,"29":1,"30":1,"31":1,"32":1,"33":1,"34":1,"35":1,"36":1,"37":1,"38":1,"41":1,"42":44,"43":44,"44":44,"45":44,"47":44,"48":440,"49":440,"50":440,"51":44,"52":44,"55":1,"56":44,"57":44,"58":44},"branchMap":{"0":{"type":"branch","line":7,"loc":{"start":{"line":7,"column":10},"end":{"line":9,"column":5}},"locations":[{"start":{"line":7,"column":10},"end":{"line":9,"column":5}}]},"1":{"type":"branch","line":10,"loc":{"start":{"line":10,"column":10},"end":{"line":16,"column":5}},"locations":[{"start":{"line":10,"column":10},"end":{"line":16,"column":5}}]},"2":{"type":"branch","line":17,"loc":{"start":{"line":17,"column":10},"end":{"line":21,"column":5}},"locations":[{"start":{"line":17,"column":10},"end":{"line":21,"column":5}}]},"3":{"type":"branch","line":22,"loc":{"start":{"line":22,"column":10},"end":{"line":25,"column":5}},"locations":[{"start":{"line":22,"column":10},"end":{"line":25,"column":5}}]},"4":{"type":"branch","line":42,"loc":{"start":{"line":42,"column":26},"end":{"line":53,"column":2}},"locations":[{"start":{"line":42,"column":26},"end":{"line":53,"column":2}}]},"5":{"type":"branch","line":48,"loc":{"start":{"line":48,"column":36},"end":{"line":52,"column":3}},"locations":[{"start":{"line":48,"column":36},"end":{"line":52,"column":3}}]},"6":{"type":"branch","line":56,"loc":{"start":{"line":56,"column":26},"end":{"line":59,"column":2}},"locations":[{"start":{"line":56,"column":26},"end":{"line":59,"column":2}}]}},"b":{"0":[6],"1":[22],"2":[7],"3":[6],"4":[44],"5":[440],"6":[44]},"fnMap":{"0":{"name":"insert","decl":{"start":{"line":7,"column":10},"end":{"line":9,"column":5}},"loc":{"start":{"line":7,"column":10},"end":{"line":9,"column":5}},"line":7},"1":{"name":"select","decl":{"start":{"line":10,"column":10},"end":{"line":16,"column":5}},"loc":{"start":{"line":10,"column":10},"end":{"line":16,"column":5}},"line":10},"2":{"name":"update","decl":{"start":{"line":17,"column":10},"end":{"line":21,"column":5}},"loc":{"start":{"line":17,"column":10},"end":{"line":21,"column":5}},"line":17},"3":{"name":"delete","decl":{"start":{"line":22,"column":10},"end":{"line":25,"column":5}},"loc":{"start":{"line":22,"column":10},"end":{"line":25,"column":5}},"line":22},"4":{"name":"setupMocks","decl":{"start":{"line":42,"column":26},"end":{"line":53,"column":2}},"loc":{"start":{"line":42,"column":26},"end":{"line":53,"column":2}},"line":42},"5":{"name":"resetMocks","decl":{"start":{"line":56,"column":26},"end":{"line":59,"column":2}},"loc":{"start":{"line":56,"column":26},"end":{"line":59,"column":2}},"line":56}},"f":{"0":6,"1":22,"2":7,"3":6,"4":44,"5":44}}
,"/Users/dean/Desktop/work/ecom/src/test/mocks/express.ts": {"path":"/Users/dean/Desktop/work/ecom/src/test/mocks/express.ts","all":false,"statementMap":{"1":{"start":{"line":2,"column":0},"end":{"line":2,"column":28}},"14":{"start":{"line":15,"column":0},"end":{"line":15,"column":75}},"15":{"start":{"line":16,"column":0},"end":{"line":16,"column":24}},"16":{"start":{"line":17,"column":0},"end":{"line":17,"column":51}},"17":{"start":{"line":18,"column":0},"end":{"line":18,"column":65}},"18":{"start":{"line":19,"column":0},"end":{"line":19,"column":39}},"19":{"start":{"line":20,"column":0},"end":{"line":20,"column":5}},"20":{"start":{"line":21,"column":0},"end":{"line":21,"column":41}},"21":{"start":{"line":22,"column":0},"end":{"line":22,"column":3}},"23":{"start":{"line":24,"column":0},"end":{"line":24,"column":10}},"24":{"start":{"line":25,"column":0},"end":{"line":25,"column":49}},"25":{"start":{"line":26,"column":0},"end":{"line":26,"column":79}},"26":{"start":{"line":27,"column":0},"end":{"line":27,"column":2}},"44":{"start":{"line":45,"column":0},"end":{"line":45,"column":45}},"45":{"start":{"line":46,"column":0},"end":{"line":46,"column":45}},"48":{"start":{"line":49,"column":0},"end":{"line":49,"column":44}},"51":{"start":{"line":52,"column":0},"end":{"line":52,"column":42}},"52":{"start":{"line":53,"column":0},"end":{"line":53,"column":42}},"55":{"start":{"line":56,"column":0},"end":{"line":56,"column":33}},"56":{"start":{"line":57,"column":0},"end":{"line":57,"column":31}},"57":{"start":{"line":58,"column":0},"end":{"line":58,"column":31}},"63":{"start":{"line":64,"column":0},"end":{"line":64,"column":69}},"64":{"start":{"line":65,"column":0},"end":{"line":65,"column":2}}},"s":{"1":1,"14":1,"15":48,"16":20,"17":20,"18":39,"19":39,"20":20,"21":20,"23":48,"24":48,"25":48,"26":48,"44":1,"45":48,"48":48,"51":48,"52":48,"55":48,"56":48,"57":48,"63":48,"64":48},"branchMap":{"0":{"type":"branch","line":15,"loc":{"start":{"line":15,"column":27},"end":{"line":27,"column":2}},"locations":[{"start":{"line":15,"column":27},"end":{"line":27,"column":2}}]},"1":{"type":"branch","line":16,"loc":{"start":{"line":16,"column":23},"end":{"line":22,"column":3}},"locations":[{"start":{"line":16,"column":23},"end":{"line":22,"column":3}}]},"2":{"type":"branch","line":18,"loc":{"start":{"line":18,"column":64},"end":{"line":20,"column":5}},"locations":[{"start":{"line":18,"column":64},"end":{"line":20,"column":5}}]},"3":{"type":"branch","line":45,"loc":{"start":{"line":45,"column":28},"end":{"line":65,"column":2}},"locations":[{"start":{"line":45,"column":28},"end":{"line":65,"column":2}}]}},"b":{"0":[48],"1":[20],"2":[39],"3":[48]},"fnMap":{"0":{"name":"mockRequest","decl":{"start":{"line":15,"column":27},"end":{"line":27,"column":2}},"loc":{"start":{"line":15,"column":27},"end":{"line":27,"column":2}},"line":15},"1":{"name":"mockResponse","decl":{"start":{"line":45,"column":28},"end":{"line":65,"column":2}},"loc":{"start":{"line":45,"column":28},"end":{"line":65,"column":2}},"line":45}},"f":{"0":48,"1":48}}
,"/Users/dean/Desktop/work/ecom/src/utils/config.ts": {"path":"/Users/dean/Desktop/work/ecom/src/utils/config.ts","all":false,"statementMap":{"2":{"start":{"line":3,"column":0},"end":{"line":3,"column":23}},"3":{"start":{"line":4,"column":0},"end":{"line":4,"column":47}},"4":{"start":{"line":5,"column":0},"end":{"line":5,"column":64}},"5":{"start":{"line":6,"column":0},"end":{"line":6,"column":53}},"6":{"start":{"line":7,"column":0},"end":{"line":7,"column":51}},"7":{"start":{"line":8,"column":0},"end":{"line":8,"column":51}},"8":{"start":{"line":9,"column":0},"end":{"line":9,"column":46}},"9":{"start":{"line":10,"column":0},"end":{"line":10,"column":45}},"10":{"start":{"line":11,"column":0},"end":{"line":11,"column":2}},"12":{"start":{"line":13,"column":0},"end":{"line":13,"column":24}},"13":{"start":{"line":14,"column":0},"end":{"line":14,"column":26}},"15":{"start":{"line":16,"column":0},"end":{"line":16,"column":2}},"17":{"start":{"line":18,"column":0},"end":{"line":18,"column":41}},"18":{"start":{"line":19,"column":0},"end":{"line":19,"column":33}},"19":{"start":{"line":20,"column":0},"end":{"line":20,"column":59}},"20":{"start":{"line":21,"column":0},"end":{"line":21,"column":21}},"21":{"start":{"line":22,"column":0},"end":{"line":22,"column":12}},"22":{"start":{"line":23,"column":0},"end":{"line":23,"column":43}},"23":{"start":{"line":24,"column":0},"end":{"line":24,"column":5}},"24":{"start":{"line":25,"column":0},"end":{"line":25,"column":4}},"25":{"start":{"line":26,"column":0},"end":{"line":26,"column":44}},"26":{"start":{"line":27,"column":0},"end":{"line":27,"column":20}},"27":{"start":{"line":28,"column":0},"end":{"line":28,"column":47}},"28":{"start":{"line":29,"column":0},"end":{"line":29,"column":16}},"29":{"start":{"line":30,"column":0},"end":{"line":30,"column":2}}},"s":{"2":1,"3":1,"4":1,"5":1,"6":1,"7":1,"8":1,"9":1,"10":1,"12":1,"13":1,"15":1,"17":1,"18":1,"19":0,"20":0,"21":0,"22":0,"23":0,"24":0,"25":1,"26":1,"27":1,"28":1,"29":1},"branchMap":{},"b":{},"fnMap":{"0":{"name":"origin","decl":{"start":{"line":19,"column":10},"end":{"line":25,"column":4}},"loc":{"start":{"line":19,"column":10},"end":{"line":25,"column":4}},"line":19}},"f":{"0":0}}
,"/Users/dean/Desktop/work/ecom/src/utils/helper.ts": {"path":"/Users/dean/Desktop/work/ecom/src/utils/helper.ts","all":false,"statementMap":{"1":{"start":{"line":2,"column":0},"end":{"line":2,"column":48}},"3":{"start":{"line":4,"column":0},"end":{"line":4,"column":70}},"4":{"start":{"line":5,"column":0},"end":{"line":5,"column":37}},"5":{"start":{"line":6,"column":0},"end":{"line":6,"column":18}},"6":{"start":{"line":7,"column":0},"end":{"line":7,"column":10}},"7":{"start":{"line":8,"column":0},"end":{"line":8,"column":40}},"8":{"start":{"line":9,"column":0},"end":{"line":9,"column":49}},"9":{"start":{"line":10,"column":0},"end":{"line":10,"column":11}},"10":{"start":{"line":11,"column":0},"end":{"line":11,"column":9}},"11":{"start":{"line":12,"column":0},"end":{"line":12,"column":2}}},"s":{"1":1,"3":1,"4":17,"5":17,"6":1,"7":1,"8":1,"9":1,"10":16,"11":17},"branchMap":{"0":{"type":"branch","line":4,"loc":{"start":{"line":4,"column":21},"end":{"line":12,"column":2}},"locations":[{"start":{"line":4,"column":21},"end":{"line":12,"column":2}}]},"1":{"type":"branch","line":6,"loc":{"start":{"line":6,"column":17},"end":{"line":10,"column":11}},"locations":[{"start":{"line":6,"column":17},"end":{"line":10,"column":11}}]},"2":{"type":"branch","line":10,"loc":{"start":{"line":10,"column":6},"end":{"line":11,"column":9}},"locations":[{"start":{"line":10,"column":6},"end":{"line":11,"column":9}}]}},"b":{"0":[17],"1":[1],"2":[16]},"fnMap":{"0":{"name":"getId","decl":{"start":{"line":4,"column":21},"end":{"line":12,"column":2}},"loc":{"start":{"line":4,"column":21},"end":{"line":12,"column":2}},"line":4}},"f":{"0":17}}
}
